Using pre-set license
Built from '2020.2/release' branch; Version is '2020.2.1f1 (270dd8c3da1c) revision 2559448'; Using compiler version '192528614'; Build Type 'Release'
OS: 'Windows 10  (10.0.0) 64bit' Language: 'fr' Physical Memory: 16344 MB
BatchMode: 1, IsHumanControllingUs: 0, StartBugReporterOnCrash: 0, Is64bit: 1, IsPro: 0

 COMMAND LINE ARGUMENTS:
C:\Program Files\Unity\Hub\Editor\2020.2.1f1\Editor\Unity.exe
-adb2
-batchMode
-noUpm
-name
AssetImportWorker0
-projectPath
D:/github/3Ddialoguue_rendu/3ddialogue rendu
-logFile
Logs/AssetImportWorker0.log
-srvPort
23169
Successfully changed project path to: D:/github/3Ddialoguue_rendu/3ddialogue rendu
D:/github/3Ddialoguue_rendu/3ddialogue rendu
Using Asset Import Pipeline V2.
Refreshing native plugins compatible for Editor in 21.51 ms, found 0 plugins.
Preloading 0 native plugins for Editor in 0.00 ms.
Initialize engine version: 2020.2.1f1 (270dd8c3da1c)
[Subsystems] Discovering subsystems at path C:/Program Files/Unity/Hub/Editor/2020.2.1f1/Editor/Data/Resources/UnitySubsystems
[Subsystems] Discovering subsystems at path D:/github/3Ddialoguue_rendu/3ddialogue rendu/Assets
GfxDevice: creating device client; threaded=0
Direct3D:
    Version:  Direct3D 11.0 [level 11.1]
    Renderer: NVIDIA GeForce GTX 1070 (ID=0x1b81)
    Vendor:   
    VRAM:     8088 MB
    Driver:   27.21.14.5730
Initialize mono
Mono path[0] = 'C:/Program Files/Unity/Hub/Editor/2020.2.1f1/Editor/Data/Managed'
Mono path[1] = 'C:/Program Files/Unity/Hub/Editor/2020.2.1f1/Editor/Data/MonoBleedingEdge/lib/mono/unityjit'
Mono config path = 'C:/Program Files/Unity/Hub/Editor/2020.2.1f1/Editor/Data/MonoBleedingEdge/etc'
Using monoOptions --debugger-agent=transport=dt_socket,embedding=1,server=y,suspend=n,address=127.0.0.1:56320
Begin MonoManager ReloadAssembly
Registering precompiled unity dll's ...
Register platform support module: C:/Program Files/Unity/Hub/Editor/2020.2.1f1/Editor/Data/PlaybackEngines/WindowsStandaloneSupport/UnityEditor.WindowsStandalone.Extensions.dll
Registered in 0.001842 seconds.
Native extension for WindowsStandalone target not found
Refreshing native plugins compatible for Editor in 22.08 ms, found 0 plugins.
Preloading 0 native plugins for Editor in 0.00 ms.
Invoked RoslynAnalysisRunner static constructor.
RoslynAnalysisRunner will not be running.
RoslynAnalysisRunner has terminated.
Mono: successfully reloaded assembly
- Completed reload, in  2.029 seconds
Platform modules already initialized, skipping
Registering precompiled user dll's ...
Registered in 0.000459 seconds.
Begin MonoManager ReloadAssembly
Native extension for WindowsStandalone target not found
Refreshing native plugins compatible for Editor in 0.20 ms, found 0 plugins.
Preloading 0 native plugins for Editor in 0.00 ms.
Invoked RoslynAnalysisRunner static constructor.
RoslynAnalysisRunner will not be running.
RoslynAnalysisRunner has terminated.
Mono: successfully reloaded assembly
- Completed reload, in  0.727 seconds
Platform modules already initialized, skipping
========================================================================
Worker process is ready to serve import requests
Launched and connected shader compiler UnityShaderCompiler.exe after 0.03 seconds
Refreshing native plugins compatible for Editor in 0.18 ms, found 0 plugins.
Preloading 0 native plugins for Editor in 0.00 ms.
Unloading 1107 Unused Serialized files (Serialized files now loaded: 0)
System memory in use before: 57.8 MB.
System memory in use after: 57.9 MB.

Unloading 10 unused Assets to reduce memory usage. Loaded Objects now: 1546.
Total: 1.986400 ms (FindLiveObjects: 0.166400 ms CreateObjectMapping: 0.094700 ms MarkObjects: 1.650500 ms  DeleteObjects: 0.073700 ms)

========================================================================
Received Import Request.
  path: Assets
  artifactKey: Guid(00000000000000001000000000000000) Importer(815301076,1909f56bfc062723c751e8b465ee728b)
Start importing Assets using Guid(00000000000000001000000000000000) Importer(815301076,1909f56bfc062723c751e8b465ee728b)  -> (artifact id: 'e1a2c4dac9df7c17871e19a3b74f0e9f') in 0.006510 seconds
  Import took 0.008260 seconds .

========================================================================
Received Import Request.
  Time since last request: 20.461495 seconds.
  path: Assets/Dialogue.cs
  artifactKey: Guid(bab521c628771e143bf5c58c561e45a2) Importer(815301076,1909f56bfc062723c751e8b465ee728b)
Start importing Assets/Dialogue.cs using Guid(bab521c628771e143bf5c58c561e45a2) Importer(815301076,1909f56bfc062723c751e8b465ee728b)  -> (artifact id: '574e3a01546ada1e0f4b1aa72abf5f8b') in 0.044405 seconds
  Import took 0.046303 seconds .

========================================================================
Received Prepare
Registering precompiled user dll's ...
Registered in 0.000443 seconds.
Begin MonoManager ReloadAssembly
Native extension for WindowsStandalone target not found
Refreshing native plugins compatible for Editor in 0.21 ms, found 0 plugins.
Preloading 0 native plugins for Editor in 0.00 ms.
Invoked RoslynAnalysisRunner static constructor.
RoslynAnalysisRunner will not be running.
RoslynAnalysisRunner has terminated.
Mono: successfully reloaded assembly
- Completed reload, in  0.690 seconds
Platform modules already initialized, skipping
Refreshing native plugins compatible for Editor in 0.19 ms, found 0 plugins.
Preloading 0 native plugins for Editor in 0.00 ms.
Unloading 1090 Unused Serialized files (Serialized files now loaded: 0)
System memory in use before: 56.9 MB.
System memory in use after: 57.0 MB.

Unloading 5 unused Assets to reduce memory usage. Loaded Objects now: 1549.
Total: 1.534700 ms (FindLiveObjects: 0.141500 ms CreateObjectMapping: 0.042500 ms MarkObjects: 1.293000 ms  DeleteObjects: 0.056200 ms)

========================================================================
Received Import Request.
  Time since last request: 165.499052 seconds.
  path: Assets/Dialogue.cs
  artifactKey: Guid(bab521c628771e143bf5c58c561e45a2) Importer(815301076,1909f56bfc062723c751e8b465ee728b)
Start importing Assets/Dialogue.cs using Guid(bab521c628771e143bf5c58c561e45a2) Importer(815301076,1909f56bfc062723c751e8b465ee728b)  -> (artifact id: '0fb58e89f889e87abe9f9065dffa1cbb') in 0.004944 seconds
  Import took 0.007034 seconds .

========================================================================
Received Import Request.
  Time since last request: 0.057399 seconds.
  path: Assets/Dialogue.cs
  artifactKey: Guid(bab521c628771e143bf5c58c561e45a2) Importer(815301076,1909f56bfc062723c751e8b465ee728b)
Start importing Assets/Dialogue.cs using Guid(bab521c628771e143bf5c58c561e45a2) Importer(815301076,1909f56bfc062723c751e8b465ee728b)  -> (artifact id: '0fb58e89f889e87abe9f9065dffa1cbb') in 0.003020 seconds
  Import took 0.006960 seconds .

========================================================================
Received Prepare
Registering precompiled user dll's ...
Registered in 0.000517 seconds.
Begin MonoManager ReloadAssembly
Native extension for WindowsStandalone target not found
Refreshing native plugins compatible for Editor in 0.20 ms, found 0 plugins.
Preloading 0 native plugins for Editor in 0.00 ms.
Invoked RoslynAnalysisRunner static constructor.
RoslynAnalysisRunner will not be running.
RoslynAnalysisRunner has terminated.
Mono: successfully reloaded assembly
- Completed reload, in  0.742 seconds
Platform modules already initialized, skipping
Refreshing native plugins compatible for Editor in 0.19 ms, found 0 plugins.
Preloading 0 native plugins for Editor in 0.00 ms.
Unloading 1090 Unused Serialized files (Serialized files now loaded: 0)
System memory in use before: 57.1 MB.
System memory in use after: 57.2 MB.

Unloading 5 unused Assets to reduce memory usage. Loaded Objects now: 1551.
Total: 1.501100 ms (FindLiveObjects: 0.120100 ms CreateObjectMapping: 0.031700 ms MarkObjects: 1.305100 ms  DeleteObjects: 0.043000 ms)

========================================================================
Received Import Request.
  Time since last request: 19.945884 seconds.
  path: Assets/Dialogue.asset
  artifactKey: Guid(11cac37f25577c44cb5ac61f568a2684) Importer(815301076,1909f56bfc062723c751e8b465ee728b)
Start importing Assets/Dialogue.asset using Guid(11cac37f25577c44cb5ac61f568a2684) Importer(815301076,1909f56bfc062723c751e8b465ee728b)  -> (artifact id: '5b75037095b3e1797f23b5fdbbc9e3d3') in 0.015677 seconds
  Import took 0.017422 seconds .

========================================================================
Received Import Request.
  Time since last request: 11.259726 seconds.
  path: Assets/FirstDialogue.asset
  artifactKey: Guid(11cac37f25577c44cb5ac61f568a2684) Importer(815301076,1909f56bfc062723c751e8b465ee728b)
Start importing Assets/FirstDialogue.asset using Guid(11cac37f25577c44cb5ac61f568a2684) Importer(815301076,1909f56bfc062723c751e8b465ee728b)  -> (artifact id: '860e15cad2c5e332d25d8770d999a53c') in 0.005705 seconds
  Import took 0.007398 seconds .

========================================================================
Received Import Request.
  Time since last request: 150.566701 seconds.
  path: Assets/FirstDialogue.asset
  artifactKey: Guid(11cac37f25577c44cb5ac61f568a2684) Importer(815301076,1909f56bfc062723c751e8b465ee728b)
Start importing Assets/FirstDialogue.asset using Guid(11cac37f25577c44cb5ac61f568a2684) Importer(815301076,1909f56bfc062723c751e8b465ee728b)  -> (artifact id: 'cb097b00d4eeaf0a994bab7200adc91b') in 0.002259 seconds
  Import took 0.004254 seconds .

========================================================================
Received Prepare
Registering precompiled user dll's ...
Registered in 0.000504 seconds.
Begin MonoManager ReloadAssembly
Native extension for WindowsStandalone target not found
Refreshing native plugins compatible for Editor in 0.21 ms, found 0 plugins.
Preloading 0 native plugins for Editor in 0.00 ms.
Invoked RoslynAnalysisRunner static constructor.
RoslynAnalysisRunner will not be running.
RoslynAnalysisRunner has terminated.
Mono: successfully reloaded assembly
- Completed reload, in  0.716 seconds
Platform modules already initialized, skipping
Refreshing native plugins compatible for Editor in 0.18 ms, found 0 plugins.
Preloading 0 native plugins for Editor in 0.00 ms.
Unloading 1090 Unused Serialized files (Serialized files now loaded: 0)
System memory in use before: 57.3 MB.
System memory in use after: 57.4 MB.

Unloading 5 unused Assets to reduce memory usage. Loaded Objects now: 1553.
Total: 1.531900 ms (FindLiveObjects: 0.128000 ms CreateObjectMapping: 0.036400 ms MarkObjects: 1.323000 ms  DeleteObjects: 0.043600 ms)

========================================================================
Received Import Request.
  Time since last request: 890.356341 seconds.
  path: Assets/DialogueTrigger.cs
  artifactKey: Guid(5bdbea73a80bd634d9dacd05bff2d422) Importer(815301076,1909f56bfc062723c751e8b465ee728b)
Start importing Assets/DialogueTrigger.cs using Guid(5bdbea73a80bd634d9dacd05bff2d422) Importer(815301076,1909f56bfc062723c751e8b465ee728b)  -> (artifact id: '556fe0554c47b3aa77d0014aa4cbff93') in 0.010210 seconds
  Import took 0.012293 seconds .

========================================================================
Received Prepare
Registering precompiled user dll's ...
Registered in 0.000517 seconds.
Begin MonoManager ReloadAssembly
Native extension for WindowsStandalone target not found
Refreshing native plugins compatible for Editor in 0.23 ms, found 0 plugins.
Preloading 0 native plugins for Editor in 0.00 ms.
Invoked RoslynAnalysisRunner static constructor.
RoslynAnalysisRunner will not be running.
RoslynAnalysisRunner has terminated.
Mono: successfully reloaded assembly
- Completed reload, in  0.713 seconds
Platform modules already initialized, skipping
Refreshing native plugins compatible for Editor in 0.24 ms, found 0 plugins.
Preloading 0 native plugins for Editor in 0.00 ms.
Unloading 1091 Unused Serialized files (Serialized files now loaded: 0)
System memory in use before: 57.5 MB.
System memory in use after: 57.6 MB.

Unloading 5 unused Assets to reduce memory usage. Loaded Objects now: 1556.
Total: 1.659500 ms (FindLiveObjects: 0.314200 ms CreateObjectMapping: 0.075100 ms MarkObjects: 1.223000 ms  DeleteObjects: 0.045800 ms)

========================================================================
Received Import Request.
  Time since last request: 250.163731 seconds.
  path: Assets/DialogueTrigger.cs
  artifactKey: Guid(5bdbea73a80bd634d9dacd05bff2d422) Importer(815301076,1909f56bfc062723c751e8b465ee728b)
Start importing Assets/DialogueTrigger.cs using Guid(5bdbea73a80bd634d9dacd05bff2d422) Importer(815301076,1909f56bfc062723c751e8b465ee728b)  -> (artifact id: '070e63e09b2183eec1685ea46c34eef6') in 0.012336 seconds
  Import took 0.014987 seconds .

========================================================================
Received Import Request.
  Time since last request: 293.465793 seconds.
  path: Assets/TextMeshManager.cs
  artifactKey: Guid(a9b2d10628576c449910cfc33d53a539) Importer(815301076,1909f56bfc062723c751e8b465ee728b)
Start importing Assets/TextMeshManager.cs using Guid(a9b2d10628576c449910cfc33d53a539) Importer(815301076,1909f56bfc062723c751e8b465ee728b)  -> (artifact id: '61b5adf1bf4d78975d449502ebcce775') in 0.007347 seconds
  Import took 0.009616 seconds .

========================================================================
Received Import Request.
  Time since last request: 93.510003 seconds.
  path: Assets/TextMeshManager.cs
  artifactKey: Guid(a9b2d10628576c449910cfc33d53a539) Importer(815301076,1909f56bfc062723c751e8b465ee728b)
Start importing Assets/TextMeshManager.cs using Guid(a9b2d10628576c449910cfc33d53a539) Importer(815301076,1909f56bfc062723c751e8b465ee728b)  -> (artifact id: 'd9de881f3c0e802f3fd8eb4c46f623e1') in 0.005293 seconds
  Import took 0.007452 seconds .

========================================================================
Received Import Request.
  Time since last request: 0.033927 seconds.
  path: Assets/TextMeshManager.cs
  artifactKey: Guid(a9b2d10628576c449910cfc33d53a539) Importer(815301076,1909f56bfc062723c751e8b465ee728b)
Start importing Assets/TextMeshManager.cs using Guid(a9b2d10628576c449910cfc33d53a539) Importer(815301076,1909f56bfc062723c751e8b465ee728b)  -> (artifact id: 'd9de881f3c0e802f3fd8eb4c46f623e1') in 0.006481 seconds
  Import took 0.010009 seconds .

========================================================================
Received Import Request.
  Time since last request: 53.382097 seconds.
  path: Assets/TextMeshManag.cs
  artifactKey: Guid(6eddb8817b2df22409b83cdc18d38945) Importer(815301076,1909f56bfc062723c751e8b465ee728b)
Start importing Assets/TextMeshManag.cs using Guid(6eddb8817b2df22409b83cdc18d38945) Importer(815301076,1909f56bfc062723c751e8b465ee728b)  -> (artifact id: 'f891b339b2f959c5cdb4aaa50929f299') in 0.007063 seconds
  Import took 0.009188 seconds .

========================================================================
Received Import Request.
  Time since last request: 35.908628 seconds.
  path: Assets/TextMeshManag.cs
  artifactKey: Guid(6eddb8817b2df22409b83cdc18d38945) Importer(815301076,1909f56bfc062723c751e8b465ee728b)
Start importing Assets/TextMeshManag.cs using Guid(6eddb8817b2df22409b83cdc18d38945) Importer(815301076,1909f56bfc062723c751e8b465ee728b)  -> (artifact id: '649579f5773f9e54e934cabbc489147b') in 0.003050 seconds
  Import took 0.005031 seconds .

========================================================================
Received Import Request.
  Time since last request: 81.269268 seconds.
  path: Assets/TextMeshManag.cs
  artifactKey: Guid(6eddb8817b2df22409b83cdc18d38945) Importer(815301076,1909f56bfc062723c751e8b465ee728b)
Start importing Assets/TextMeshManag.cs using Guid(6eddb8817b2df22409b83cdc18d38945) Importer(815301076,1909f56bfc062723c751e8b465ee728b)  -> (artifact id: 'c524ece49540036e1babf09b258532b1') in 0.002042 seconds
  Import took 0.003816 seconds .

========================================================================
Received Import Request.
  Time since last request: 12.398047 seconds.
  path: Assets/TextMeshManag.cs
  artifactKey: Guid(6eddb8817b2df22409b83cdc18d38945) Importer(815301076,1909f56bfc062723c751e8b465ee728b)
Start importing Assets/TextMeshManag.cs using Guid(6eddb8817b2df22409b83cdc18d38945) Importer(815301076,1909f56bfc062723c751e8b465ee728b)  -> (artifact id: '6ecbf871290dae17090e9b12158d34cd') in 0.003252 seconds
  Import took 0.005347 seconds .

========================================================================
Received Import Request.
  Time since last request: 9.759319 seconds.
  path: Assets/TextMeshManag.cs
  artifactKey: Guid(6eddb8817b2df22409b83cdc18d38945) Importer(815301076,1909f56bfc062723c751e8b465ee728b)
Start importing Assets/TextMeshManag.cs using Guid(6eddb8817b2df22409b83cdc18d38945) Importer(815301076,1909f56bfc062723c751e8b465ee728b)  -> (artifact id: '4d9dfbb93300815ab400c5aa0f08c5ec') in 0.002168 seconds
  Import took 0.003886 seconds .

========================================================================
Received Prepare
Registering precompiled user dll's ...
Registered in 0.000501 seconds.
Begin MonoManager ReloadAssembly
Native extension for WindowsStandalone target not found
Refreshing native plugins compatible for Editor in 0.20 ms, found 0 plugins.
Preloading 0 native plugins for Editor in 0.00 ms.
Invoked RoslynAnalysisRunner static constructor.
RoslynAnalysisRunner will not be running.
RoslynAnalysisRunner has terminated.
Mono: successfully reloaded assembly
- Completed reload, in  0.702 seconds
Platform modules already initialized, skipping
Refreshing native plugins compatible for Editor in 0.19 ms, found 0 plugins.
Preloading 0 native plugins for Editor in 0.00 ms.
Unloading 1092 Unused Serialized files (Serialized files now loaded: 0)
System memory in use before: 57.7 MB.
System memory in use after: 57.8 MB.

Unloading 5 unused Assets to reduce memory usage. Loaded Objects now: 1559.
Total: 1.488900 ms (FindLiveObjects: 0.124100 ms CreateObjectMapping: 0.033600 ms MarkObjects: 1.287700 ms  DeleteObjects: 0.042500 ms)

========================================================================
Received Prepare
Registering precompiled user dll's ...
Registered in 0.000531 seconds.
Begin MonoManager ReloadAssembly
Native extension for WindowsStandalone target not found
Refreshing native plugins compatible for Editor in 0.20 ms, found 0 plugins.
Preloading 0 native plugins for Editor in 0.00 ms.
Invoked RoslynAnalysisRunner static constructor.
RoslynAnalysisRunner will not be running.
RoslynAnalysisRunner has terminated.
Mono: successfully reloaded assembly
- Completed reload, in  0.695 seconds
Platform modules already initialized, skipping
Refreshing native plugins compatible for Editor in 0.19 ms, found 0 plugins.
Preloading 0 native plugins for Editor in 0.00 ms.
Unloading 1092 Unused Serialized files (Serialized files now loaded: 0)
System memory in use before: 57.8 MB.
System memory in use after: 57.9 MB.

Unloading 5 unused Assets to reduce memory usage. Loaded Objects now: 1561.
Total: 1.423500 ms (FindLiveObjects: 0.120600 ms CreateObjectMapping: 0.033900 ms MarkObjects: 1.225600 ms  DeleteObjects: 0.042200 ms)

========================================================================
Received Prepare
Registering precompiled user dll's ...
Registered in 0.000489 seconds.
Begin MonoManager ReloadAssembly
Native extension for WindowsStandalone target not found
Refreshing native plugins compatible for Editor in 0.20 ms, found 0 plugins.
Preloading 0 native plugins for Editor in 0.00 ms.
Invoked RoslynAnalysisRunner static constructor.
RoslynAnalysisRunner will not be running.
RoslynAnalysisRunner has terminated.
Mono: successfully reloaded assembly
- Completed reload, in  0.693 seconds
Platform modules already initialized, skipping
Refreshing native plugins compatible for Editor in 0.20 ms, found 0 plugins.
Preloading 0 native plugins for Editor in 0.00 ms.
Unloading 1092 Unused Serialized files (Serialized files now loaded: 0)
System memory in use before: 58.0 MB.
System memory in use after: 58.1 MB.

Unloading 5 unused Assets to reduce memory usage. Loaded Objects now: 1563.
Total: 1.589700 ms (FindLiveObjects: 0.167600 ms CreateObjectMapping: 0.032500 ms MarkObjects: 1.346000 ms  DeleteObjects: 0.042600 ms)

========================================================================
Received Prepare
Registering precompiled user dll's ...
Registered in 0.000473 seconds.
Begin MonoManager ReloadAssembly
Native extension for WindowsStandalone target not found
Refreshing native plugins compatible for Editor in 0.19 ms, found 0 plugins.
Preloading 0 native plugins for Editor in 0.00 ms.
Invoked RoslynAnalysisRunner static constructor.
RoslynAnalysisRunner will not be running.
RoslynAnalysisRunner has terminated.
Mono: successfully reloaded assembly
- Completed reload, in  0.688 seconds
Platform modules already initialized, skipping
Refreshing native plugins compatible for Editor in 0.19 ms, found 0 plugins.
Preloading 0 native plugins for Editor in 0.00 ms.
Unloading 1092 Unused Serialized files (Serialized files now loaded: 0)
System memory in use before: 58.2 MB.
System memory in use after: 58.3 MB.

Unloading 5 unused Assets to reduce memory usage. Loaded Objects now: 1565.
Total: 1.526400 ms (FindLiveObjects: 0.127600 ms CreateObjectMapping: 0.035000 ms MarkObjects: 1.321300 ms  DeleteObjects: 0.041400 ms)

========================================================================
Received Prepare
Registering precompiled user dll's ...
Registered in 0.000502 seconds.
Begin MonoManager ReloadAssembly
Native extension for WindowsStandalone target not found
Refreshing native plugins compatible for Editor in 0.20 ms, found 0 plugins.
Preloading 0 native plugins for Editor in 0.00 ms.
Invoked RoslynAnalysisRunner static constructor.
RoslynAnalysisRunner will not be running.
RoslynAnalysisRunner has terminated.
Mono: successfully reloaded assembly
- Completed reload, in  0.691 seconds
Platform modules already initialized, skipping
Refreshing native plugins compatible for Editor in 0.18 ms, found 0 plugins.
Preloading 0 native plugins for Editor in 0.00 ms.
Unloading 1092 Unused Serialized files (Serialized files now loaded: 0)
System memory in use before: 58.3 MB.
System memory in use after: 58.4 MB.

Unloading 5 unused Assets to reduce memory usage. Loaded Objects now: 1567.
Total: 1.557800 ms (FindLiveObjects: 0.128400 ms CreateObjectMapping: 0.034900 ms MarkObjects: 1.346900 ms  DeleteObjects: 0.046700 ms)

========================================================================
Received Import Request.
  Time since last request: 464.396721 seconds.
  path: Assets/TextMesh Pro/Resources/Style Sheets/Default Style Sheet.asset
  artifactKey: Guid(f952c082cb03451daed3ee968ac6c63e) Importer(815301076,1909f56bfc062723c751e8b465ee728b)
Start importing Assets/TextMesh Pro/Resources/Style Sheets/Default Style Sheet.asset using Guid(f952c082cb03451daed3ee968ac6c63e) Importer(815301076,1909f56bfc062723c751e8b465ee728b)  -> (artifact id: '038766f12a773973ed22c01f1ce978d2') in 0.022027 seconds
  Import took 0.023900 seconds .

========================================================================
Received Import Request.
  Time since last request: 0.000287 seconds.
  path: Assets/TextMesh Pro/Sprites/EmojiOne.png
  artifactKey: Guid(dffef66376be4fa480fb02b19edbe903) Importer(815301076,1909f56bfc062723c751e8b465ee728b)
Start importing Assets/TextMesh Pro/Sprites/EmojiOne.png using Guid(dffef66376be4fa480fb02b19edbe903) Importer(815301076,1909f56bfc062723c751e8b465ee728b)  -> (artifact id: 'b9325f5a745c7e9e852048ab538b1925') in 0.089941 seconds
  Import took 0.092151 seconds .

========================================================================
Received Import Request.
  Time since last request: 0.000204 seconds.
  path: Assets/TextMesh Pro/Resources/Style Sheets/Default Style Sheet.asset
  artifactKey: Guid(f952c082cb03451daed3ee968ac6c63e) Importer(815301076,1909f56bfc062723c751e8b465ee728b)
Start importing Assets/TextMesh Pro/Resources/Style Sheets/Default Style Sheet.asset using Guid(f952c082cb03451daed3ee968ac6c63e) Importer(815301076,1909f56bfc062723c751e8b465ee728b)  -> (artifact id: '038766f12a773973ed22c01f1ce978d2') in 0.002516 seconds
  Import took 0.004197 seconds .

========================================================================
Received Import Request.
  Time since last request: 0.000210 seconds.
  path: Assets/TextMesh Pro/Sprites/EmojiOne.png
  artifactKey: Guid(dffef66376be4fa480fb02b19edbe903) Importer(815301076,1909f56bfc062723c751e8b465ee728b)
Start importing Assets/TextMesh Pro/Sprites/EmojiOne.png using Guid(dffef66376be4fa480fb02b19edbe903) Importer(815301076,1909f56bfc062723c751e8b465ee728b)  -> (artifact id: 'b9325f5a745c7e9e852048ab538b1925') in 0.012487 seconds
  Import took 0.014497 seconds .

========================================================================
Received Import Request.
  Time since last request: 0.000229 seconds.
  path: Assets/TextMesh Pro/Resources/Sprite Assets/EmojiOne.asset
  artifactKey: Guid(c41005c129ba4d66911b75229fd70b45) Importer(815301076,1909f56bfc062723c751e8b465ee728b)
Start importing Assets/TextMesh Pro/Resources/Sprite Assets/EmojiOne.asset using Guid(c41005c129ba4d66911b75229fd70b45) Importer(815301076,1909f56bfc062723c751e8b465ee728b)  -> (artifact id: '2db00d37e354cc2f266d313790f5ab52') in 0.013461 seconds
  Import took 0.015398 seconds .

========================================================================
Received Import Request.
  Time since last request: 1.045621 seconds.
  path: Assets/TextMesh Pro/Fonts/LiberationSans.ttf
  artifactKey: Guid(e3265ab4bf004d28a9537516768c1c75) Importer(815301076,1909f56bfc062723c751e8b465ee728b)
Start importing Assets/TextMesh Pro/Fonts/LiberationSans.ttf using Guid(e3265ab4bf004d28a9537516768c1c75) Importer(815301076,1909f56bfc062723c751e8b465ee728b)  -> (artifact id: 'ca2536cb3d679f94767b46d01713ab1f') in 0.085190 seconds
  Import took 0.087408 seconds .

========================================================================
Received Import Request.
  Time since last request: 2.685778 seconds.
  path: Assets/TextMesh Pro/Resources/Fonts & Materials/LiberationSans SDF.asset
  artifactKey: Guid(8f586378b4e144a9851e7b34d9b748ee) Importer(815301076,1909f56bfc062723c751e8b465ee728b)
Start importing Assets/TextMesh Pro/Resources/Fonts & Materials/LiberationSans SDF.asset using Guid(8f586378b4e144a9851e7b34d9b748ee) Importer(815301076,1909f56bfc062723c751e8b465ee728b)  -> (artifact id: 'f45b531e2dbacb6e4a37e1e6014cda26') in 0.075886 seconds
  Import took 0.077772 seconds .

========================================================================
Received Import Request.
  Time since last request: 0.000238 seconds.
  path: Assets/TextMesh Pro/Resources/Fonts & Materials/LiberationSans SDF - Fallback.asset
  artifactKey: Guid(2e498d1c8094910479dc3e1b768306a4) Importer(815301076,1909f56bfc062723c751e8b465ee728b)
Start importing Assets/TextMesh Pro/Resources/Fonts & Materials/LiberationSans SDF - Fallback.asset using Guid(2e498d1c8094910479dc3e1b768306a4) Importer(815301076,1909f56bfc062723c751e8b465ee728b)  -> (artifact id: '4537c845667f4fa7a13ced69bf8f583b') in 0.019599 seconds
  Import took 0.021344 seconds .

========================================================================
Received Import Request.
  Time since last request: 0.000242 seconds.
  path: Assets/TextMesh Pro/Resources/Fonts & Materials/LiberationSans SDF - Drop Shadow.mat
  artifactKey: Guid(e73a58f6e2794ae7b1b7e50b7fb811b0) Importer(815301076,1909f56bfc062723c751e8b465ee728b)
Start importing Assets/TextMesh Pro/Resources/Fonts & Materials/LiberationSans SDF - Drop Shadow.mat using Guid(e73a58f6e2794ae7b1b7e50b7fb811b0) Importer(815301076,1909f56bfc062723c751e8b465ee728b)  -> (artifact id: 'c9f838aa9920f0a87f0d9c9c00e166a9') in 0.133987 seconds
  Import took 0.135842 seconds .

========================================================================
Received Import Request.
  Time since last request: 0.236696 seconds.
  path: Assets/TextMesh Pro/Resources/Fonts & Materials/LiberationSans SDF - Outline.mat
  artifactKey: Guid(79459efec17a4d00a321bdcc27bbc385) Importer(815301076,1909f56bfc062723c751e8b465ee728b)
Start importing Assets/TextMesh Pro/Resources/Fonts & Materials/LiberationSans SDF - Outline.mat using Guid(79459efec17a4d00a321bdcc27bbc385) Importer(815301076,1909f56bfc062723c751e8b465ee728b)  -> (artifact id: '6d9fcbcb84b37b887c31e305afb13524') in 0.082876 seconds
  Import took 0.084751 seconds .

========================================================================
Received Prepare
Registering precompiled user dll's ...
Registered in 0.000515 seconds.
Begin MonoManager ReloadAssembly
Native extension for WindowsStandalone target not found
Refreshing native plugins compatible for Editor in 0.20 ms, found 0 plugins.
Preloading 0 native plugins for Editor in 0.00 ms.
Invoked RoslynAnalysisRunner static constructor.
RoslynAnalysisRunner will not be running.
RoslynAnalysisRunner has terminated.
Mono: successfully reloaded assembly
- Completed reload, in  0.692 seconds
Platform modules already initialized, skipping
Refreshing native plugins compatible for Editor in 0.19 ms, found 0 plugins.
Preloading 0 native plugins for Editor in 0.00 ms.
Unloading 1092 Unused Serialized files (Serialized files now loaded: 0)
System memory in use before: 62.4 MB.
System memory in use after: 62.5 MB.

Unloading 5 unused Assets to reduce memory usage. Loaded Objects now: 1614.
Total: 1.468800 ms (FindLiveObjects: 0.127900 ms CreateObjectMapping: 0.034900 ms MarkObjects: 1.263300 ms  DeleteObjects: 0.041400 ms)

========================================================================
Received Prepare
Registering precompiled user dll's ...
Registered in 0.000545 seconds.
Begin MonoManager ReloadAssembly
Native extension for WindowsStandalone target not found
Refreshing native plugins compatible for Editor in 0.19 ms, found 0 plugins.
Preloading 0 native plugins for Editor in 0.00 ms.
Invoked RoslynAnalysisRunner static constructor.
RoslynAnalysisRunner will not be running.
RoslynAnalysisRunner has terminated.
Mono: successfully reloaded assembly
- Completed reload, in  0.682 seconds
Platform modules already initialized, skipping
Refreshing native plugins compatible for Editor in 0.20 ms, found 0 plugins.
Preloading 0 native plugins for Editor in 0.00 ms.
Unloading 1092 Unused Serialized files (Serialized files now loaded: 0)
System memory in use before: 62.6 MB.
System memory in use after: 62.6 MB.

Unloading 5 unused Assets to reduce memory usage. Loaded Objects now: 1616.
Total: 1.528300 ms (FindLiveObjects: 0.130900 ms CreateObjectMapping: 0.036000 ms MarkObjects: 1.319700 ms  DeleteObjects: 0.040700 ms)

========================================================================
Received Import Request.
  Time since last request: 322.083729 seconds.
  path: Assets/TextMesh Pro/Resources/TMP Settings.asset
  artifactKey: Guid(3f5b5dff67a942289a9defa416b206f3) Importer(815301076,1909f56bfc062723c751e8b465ee728b)
Start importing Assets/TextMesh Pro/Resources/TMP Settings.asset using Guid(3f5b5dff67a942289a9defa416b206f3) Importer(815301076,1909f56bfc062723c751e8b465ee728b)  -> (artifact id: '60598ddc20286cd98a033a2141c09b2a') in 0.075988 seconds
  Import took 0.078029 seconds .

========================================================================
Received Prepare
Registering precompiled user dll's ...
Registered in 0.000502 seconds.
Begin MonoManager ReloadAssembly
Native extension for WindowsStandalone target not found
Refreshing native plugins compatible for Editor in 0.20 ms, found 0 plugins.
Preloading 0 native plugins for Editor in 0.00 ms.
Invoked RoslynAnalysisRunner static constructor.
RoslynAnalysisRunner will not be running.
RoslynAnalysisRunner has terminated.
Mono: successfully reloaded assembly
- Completed reload, in  0.725 seconds
Platform modules already initialized, skipping
Refreshing native plugins compatible for Editor in 0.20 ms, found 0 plugins.
Preloading 0 native plugins for Editor in 0.00 ms.
Unloading 1092 Unused Serialized files (Serialized files now loaded: 0)
System memory in use before: 62.7 MB.
System memory in use after: 62.7 MB.

Unloading 5 unused Assets to reduce memory usage. Loaded Objects now: 1618.
Total: 1.551400 ms (FindLiveObjects: 0.132900 ms CreateObjectMapping: 0.032800 ms MarkObjects: 1.342200 ms  DeleteObjects: 0.042300 ms)

========================================================================
Received Import Request.
  Time since last request: 285.302973 seconds.
  path: Assets/DialogueTrigger.cs
  artifactKey: Guid(5bdbea73a80bd634d9dacd05bff2d422) Importer(815301076,1909f56bfc062723c751e8b465ee728b)
Start importing Assets/DialogueTrigger.cs using Guid(5bdbea73a80bd634d9dacd05bff2d422) Importer(815301076,1909f56bfc062723c751e8b465ee728b)  -> (artifact id: 'd25051cd735e791b145571760c3a9e8f') in 0.007598 seconds
  Import took 0.009576 seconds .

========================================================================
Received Import Request.
  Time since last request: 145.017639 seconds.
  path: Assets/DialogueTrigger.cs
  artifactKey: Guid(5bdbea73a80bd634d9dacd05bff2d422) Importer(815301076,1909f56bfc062723c751e8b465ee728b)
Start importing Assets/DialogueTrigger.cs using Guid(5bdbea73a80bd634d9dacd05bff2d422) Importer(815301076,1909f56bfc062723c751e8b465ee728b)  -> (artifact id: 'bf20c2a3ed8adede6ffc874a7b9dee98') in 0.003042 seconds
  Import took 0.005151 seconds .

========================================================================
Received Import Request.
  Time since last request: 0.000769 seconds.
  path: Assets/DialogueTrigger.cs
  artifactKey: Guid(5bdbea73a80bd634d9dacd05bff2d422) Importer(815301076,1909f56bfc062723c751e8b465ee728b)
Start importing Assets/DialogueTrigger.cs using Guid(5bdbea73a80bd634d9dacd05bff2d422) Importer(815301076,1909f56bfc062723c751e8b465ee728b)  -> (artifact id: 'bf20c2a3ed8adede6ffc874a7b9dee98') in 0.002215 seconds
  Import took 0.003974 seconds .

========================================================================
Received Prepare
Registering precompiled user dll's ...
Registered in 0.000480 seconds.
Begin MonoManager ReloadAssembly
Native extension for WindowsStandalone target not found
Refreshing native plugins compatible for Editor in 0.21 ms, found 0 plugins.
Preloading 0 native plugins for Editor in 0.00 ms.
Invoked RoslynAnalysisRunner static constructor.
RoslynAnalysisRunner will not be running.
RoslynAnalysisRunner has terminated.
Mono: successfully reloaded assembly
- Completed reload, in  0.703 seconds
Platform modules already initialized, skipping
Refreshing native plugins compatible for Editor in 0.20 ms, found 0 plugins.
Preloading 0 native plugins for Editor in 0.00 ms.
Unloading 1092 Unused Serialized files (Serialized files now loaded: 0)
System memory in use before: 61.9 MB.
System memory in use after: 62.0 MB.

Unloading 5 unused Assets to reduce memory usage. Loaded Objects now: 1620.
Total: 5.711500 ms (FindLiveObjects: 0.445900 ms CreateObjectMapping: 0.136700 ms MarkObjects: 4.972800 ms  DeleteObjects: 0.151600 ms)

========================================================================
Received Prepare
Registering precompiled user dll's ...
Registered in 0.000465 seconds.
Begin MonoManager ReloadAssembly
Native extension for WindowsStandalone target not found
Refreshing native plugins compatible for Editor in 0.20 ms, found 0 plugins.
Preloading 0 native plugins for Editor in 0.00 ms.
Invoked RoslynAnalysisRunner static constructor.
RoslynAnalysisRunner will not be running.
RoslynAnalysisRunner has terminated.
Mono: successfully reloaded assembly
- Completed reload, in  0.726 seconds
Platform modules already initialized, skipping
Refreshing native plugins compatible for Editor in 0.20 ms, found 0 plugins.
Preloading 0 native plugins for Editor in 0.00 ms.
Unloading 1092 Unused Serialized files (Serialized files now loaded: 0)
System memory in use before: 62.1 MB.
System memory in use after: 62.2 MB.

Unloading 5 unused Assets to reduce memory usage. Loaded Objects now: 1622.
Total: 1.564700 ms (FindLiveObjects: 0.127700 ms CreateObjectMapping: 0.033800 ms MarkObjects: 1.359600 ms  DeleteObjects: 0.042900 ms)

========================================================================
Received Prepare
Registering precompiled user dll's ...
Registered in 0.000504 seconds.
Begin MonoManager ReloadAssembly
Native extension for WindowsStandalone target not found
Refreshing native plugins compatible for Editor in 0.20 ms, found 0 plugins.
Preloading 0 native plugins for Editor in 0.00 ms.
Invoked RoslynAnalysisRunner static constructor.
RoslynAnalysisRunner will not be running.
RoslynAnalysisRunner has terminated.
Mono: successfully reloaded assembly
- Completed reload, in  0.691 seconds
Platform modules already initialized, skipping
Refreshing native plugins compatible for Editor in 0.28 ms, found 0 plugins.
Preloading 0 native plugins for Editor in 0.00 ms.
Unloading 1092 Unused Serialized files (Serialized files now loaded: 0)
System memory in use before: 62.3 MB.
System memory in use after: 62.4 MB.

Unloading 5 unused Assets to reduce memory usage. Loaded Objects now: 1624.
Total: 1.483100 ms (FindLiveObjects: 0.129000 ms CreateObjectMapping: 0.038400 ms MarkObjects: 1.274000 ms  DeleteObjects: 0.040800 ms)

========================================================================
Received Prepare
Registering precompiled user dll's ...
Registered in 0.000521 seconds.
Begin MonoManager ReloadAssembly
Native extension for WindowsStandalone target not found
Refreshing native plugins compatible for Editor in 0.19 ms, found 0 plugins.
Preloading 0 native plugins for Editor in 0.00 ms.
Invoked RoslynAnalysisRunner static constructor.
RoslynAnalysisRunner will not be running.
RoslynAnalysisRunner has terminated.
Mono: successfully reloaded assembly
- Completed reload, in  0.692 seconds
Platform modules already initialized, skipping
Refreshing native plugins compatible for Editor in 0.22 ms, found 0 plugins.
Preloading 0 native plugins for Editor in 0.00 ms.
Unloading 1092 Unused Serialized files (Serialized files now loaded: 0)
System memory in use before: 62.5 MB.
System memory in use after: 62.5 MB.

Unloading 5 unused Assets to reduce memory usage. Loaded Objects now: 1626.
Total: 1.545400 ms (FindLiveObjects: 0.132300 ms CreateObjectMapping: 0.033400 ms MarkObjects: 1.337000 ms  DeleteObjects: 0.041900 ms)

========================================================================
Received Prepare
Registering precompiled user dll's ...
Registered in 0.000515 seconds.
Begin MonoManager ReloadAssembly
Native extension for WindowsStandalone target not found
Refreshing native plugins compatible for Editor in 0.20 ms, found 0 plugins.
Preloading 0 native plugins for Editor in 0.00 ms.
Invoked RoslynAnalysisRunner static constructor.
RoslynAnalysisRunner will not be running.
RoslynAnalysisRunner has terminated.
Mono: successfully reloaded assembly
- Completed reload, in  0.698 seconds
Platform modules already initialized, skipping
Refreshing native plugins compatible for Editor in 0.19 ms, found 0 plugins.
Preloading 0 native plugins for Editor in 0.00 ms.
Unloading 1092 Unused Serialized files (Serialized files now loaded: 0)
System memory in use before: 62.6 MB.
System memory in use after: 62.7 MB.

Unloading 5 unused Assets to reduce memory usage. Loaded Objects now: 1628.
Total: 1.582800 ms (FindLiveObjects: 0.140300 ms CreateObjectMapping: 0.036700 ms MarkObjects: 1.363500 ms  DeleteObjects: 0.041300 ms)

========================================================================
Received Prepare
Registering precompiled user dll's ...
Registered in 0.000489 seconds.
Begin MonoManager ReloadAssembly
Native extension for WindowsStandalone target not found
Refreshing native plugins compatible for Editor in 0.20 ms, found 0 plugins.
Preloading 0 native plugins for Editor in 0.00 ms.
Invoked RoslynAnalysisRunner static constructor.
RoslynAnalysisRunner will not be running.
RoslynAnalysisRunner has terminated.
Mono: successfully reloaded assembly
- Completed reload, in  0.688 seconds
Platform modules already initialized, skipping
Refreshing native plugins compatible for Editor in 0.19 ms, found 0 plugins.
Preloading 0 native plugins for Editor in 0.00 ms.
Unloading 1092 Unused Serialized files (Serialized files now loaded: 0)
System memory in use before: 62.7 MB.
System memory in use after: 62.8 MB.

Unloading 5 unused Assets to reduce memory usage. Loaded Objects now: 1630.
Total: 1.531400 ms (FindLiveObjects: 0.124800 ms CreateObjectMapping: 0.033700 ms MarkObjects: 1.330500 ms  DeleteObjects: 0.041300 ms)

========================================================================
Received Prepare
Registering precompiled user dll's ...
Registered in 0.000513 seconds.
Begin MonoManager ReloadAssembly
Native extension for WindowsStandalone target not found
Refreshing native plugins compatible for Editor in 0.19 ms, found 0 plugins.
Preloading 0 native plugins for Editor in 0.00 ms.
Invoked RoslynAnalysisRunner static constructor.
RoslynAnalysisRunner will not be running.
RoslynAnalysisRunner has terminated.
Mono: successfully reloaded assembly
- Completed reload, in  0.691 seconds
Platform modules already initialized, skipping
Refreshing native plugins compatible for Editor in 0.19 ms, found 0 plugins.
Preloading 0 native plugins for Editor in 0.00 ms.
Unloading 1092 Unused Serialized files (Serialized files now loaded: 0)
System memory in use before: 62.0 MB.
System memory in use after: 62.1 MB.

Unloading 5 unused Assets to reduce memory usage. Loaded Objects now: 1632.
Total: 1.554600 ms (FindLiveObjects: 0.124300 ms CreateObjectMapping: 0.033600 ms MarkObjects: 1.354700 ms  DeleteObjects: 0.041100 ms)

========================================================================
Received Prepare
Registering precompiled user dll's ...
Registered in 0.000484 seconds.
Begin MonoManager ReloadAssembly
Native extension for WindowsStandalone target not found
Refreshing native plugins compatible for Editor in 0.20 ms, found 0 plugins.
Preloading 0 native plugins for Editor in 0.00 ms.
Invoked RoslynAnalysisRunner static constructor.
RoslynAnalysisRunner will not be running.
RoslynAnalysisRunner has terminated.
Mono: successfully reloaded assembly
- Completed reload, in  0.698 seconds
Platform modules already initialized, skipping
Refreshing native plugins compatible for Editor in 0.19 ms, found 0 plugins.
Preloading 0 native plugins for Editor in 0.00 ms.
Unloading 1092 Unused Serialized files (Serialized files now loaded: 0)
System memory in use before: 62.2 MB.
System memory in use after: 62.2 MB.

Unloading 5 unused Assets to reduce memory usage. Loaded Objects now: 1634.
Total: 1.443500 ms (FindLiveObjects: 0.124300 ms CreateObjectMapping: 0.033300 ms MarkObjects: 1.243900 ms  DeleteObjects: 0.040900 ms)

========================================================================
Received Prepare
Registering precompiled user dll's ...
Registered in 0.000483 seconds.
Begin MonoManager ReloadAssembly
Native extension for WindowsStandalone target not found
Refreshing native plugins compatible for Editor in 0.20 ms, found 0 plugins.
Preloading 0 native plugins for Editor in 0.00 ms.
Invoked RoslynAnalysisRunner static constructor.
RoslynAnalysisRunner will not be running.
RoslynAnalysisRunner has terminated.
Mono: successfully reloaded assembly
- Completed reload, in  0.691 seconds
Platform modules already initialized, skipping
Refreshing native plugins compatible for Editor in 0.19 ms, found 0 plugins.
Preloading 0 native plugins for Editor in 0.00 ms.
Unloading 1092 Unused Serialized files (Serialized files now loaded: 0)
System memory in use before: 62.3 MB.
System memory in use after: 62.4 MB.

Unloading 5 unused Assets to reduce memory usage. Loaded Objects now: 1636.
Total: 1.545900 ms (FindLiveObjects: 0.140100 ms CreateObjectMapping: 0.041800 ms MarkObjects: 1.318800 ms  DeleteObjects: 0.044000 ms)

========================================================================
Received Prepare
Registering precompiled user dll's ...
Registered in 0.000517 seconds.
Begin MonoManager ReloadAssembly
Native extension for WindowsStandalone target not found
Refreshing native plugins compatible for Editor in 0.20 ms, found 0 plugins.
Preloading 0 native plugins for Editor in 0.00 ms.
Invoked RoslynAnalysisRunner static constructor.
RoslynAnalysisRunner will not be running.
RoslynAnalysisRunner has terminated.
Mono: successfully reloaded assembly
- Completed reload, in  0.679 seconds
Platform modules already initialized, skipping
Refreshing native plugins compatible for Editor in 0.19 ms, found 0 plugins.
Preloading 0 native plugins for Editor in 0.00 ms.
Unloading 1092 Unused Serialized files (Serialized files now loaded: 0)
System memory in use before: 62.5 MB.
System memory in use after: 62.6 MB.

Unloading 5 unused Assets to reduce memory usage. Loaded Objects now: 1638.
Total: 1.529900 ms (FindLiveObjects: 0.123200 ms CreateObjectMapping: 0.031400 ms MarkObjects: 1.334000 ms  DeleteObjects: 0.040400 ms)

========================================================================
Received Prepare
Registering precompiled user dll's ...
Registered in 0.000537 seconds.
Begin MonoManager ReloadAssembly
Native extension for WindowsStandalone target not found
Refreshing native plugins compatible for Editor in 0.19 ms, found 0 plugins.
Preloading 0 native plugins for Editor in 0.00 ms.
Invoked RoslynAnalysisRunner static constructor.
RoslynAnalysisRunner will not be running.
RoslynAnalysisRunner has terminated.
Mono: successfully reloaded assembly
- Completed reload, in  0.725 seconds
Platform modules already initialized, skipping
Refreshing native plugins compatible for Editor in 0.19 ms, found 0 plugins.
Preloading 0 native plugins for Editor in 0.00 ms.
Unloading 1092 Unused Serialized files (Serialized files now loaded: 0)
System memory in use before: 62.7 MB.
System memory in use after: 62.8 MB.

Unloading 5 unused Assets to reduce memory usage. Loaded Objects now: 1640.
Total: 1.550100 ms (FindLiveObjects: 0.156200 ms CreateObjectMapping: 0.042100 ms MarkObjects: 1.307200 ms  DeleteObjects: 0.043500 ms)

========================================================================
Received Prepare
Registering precompiled user dll's ...
Registered in 0.000524 seconds.
Begin MonoManager ReloadAssembly
Native extension for WindowsStandalone target not found
Refreshing native plugins compatible for Editor in 0.20 ms, found 0 plugins.
Preloading 0 native plugins for Editor in 0.00 ms.
Invoked RoslynAnalysisRunner static constructor.
RoslynAnalysisRunner will not be running.
RoslynAnalysisRunner has terminated.
Mono: successfully reloaded assembly
- Completed reload, in  0.714 seconds
Platform modules already initialized, skipping
Refreshing native plugins compatible for Editor in 0.19 ms, found 0 plugins.
Preloading 0 native plugins for Editor in 0.00 ms.
Unloading 1092 Unused Serialized files (Serialized files now loaded: 0)
System memory in use before: 62.9 MB.
System memory in use after: 63.0 MB.

Unloading 5 unused Assets to reduce memory usage. Loaded Objects now: 1642.
Total: 1.711500 ms (FindLiveObjects: 0.145100 ms CreateObjectMapping: 0.033700 ms MarkObjects: 1.489400 ms  DeleteObjects: 0.042300 ms)

========================================================================
Received Prepare
Registering precompiled user dll's ...
Registered in 0.000534 seconds.
Begin MonoManager ReloadAssembly
Native extension for WindowsStandalone target not found
Refreshing native plugins compatible for Editor in 0.20 ms, found 0 plugins.
Preloading 0 native plugins for Editor in 0.00 ms.
Invoked RoslynAnalysisRunner static constructor.
RoslynAnalysisRunner will not be running.
RoslynAnalysisRunner has terminated.
Mono: successfully reloaded assembly
- Completed reload, in  0.709 seconds
Platform modules already initialized, skipping
Refreshing native plugins compatible for Editor in 0.25 ms, found 0 plugins.
Preloading 0 native plugins for Editor in 0.00 ms.
Unloading 1092 Unused Serialized files (Serialized files now loaded: 0)
System memory in use before: 62.1 MB.
System memory in use after: 62.1 MB.

Unloading 5 unused Assets to reduce memory usage. Loaded Objects now: 1644.
Total: 1.640100 ms (FindLiveObjects: 0.139400 ms CreateObjectMapping: 0.038100 ms MarkObjects: 1.417500 ms  DeleteObjects: 0.044100 ms)

========================================================================
Received Prepare
Registering precompiled user dll's ...
Registered in 0.000503 seconds.
Begin MonoManager ReloadAssembly
Native extension for WindowsStandalone target not found
Refreshing native plugins compatible for Editor in 0.19 ms, found 0 plugins.
Preloading 0 native plugins for Editor in 0.00 ms.
Invoked RoslynAnalysisRunner static constructor.
RoslynAnalysisRunner will not be running.
RoslynAnalysisRunner has terminated.
Mono: successfully reloaded assembly
- Completed reload, in  0.700 seconds
Platform modules already initialized, skipping
Refreshing native plugins compatible for Editor in 0.20 ms, found 0 plugins.
Preloading 0 native plugins for Editor in 0.00 ms.
Unloading 1092 Unused Serialized files (Serialized files now loaded: 0)
System memory in use before: 62.2 MB.
System memory in use after: 62.3 MB.

Unloading 5 unused Assets to reduce memory usage. Loaded Objects now: 1646.
Total: 1.579500 ms (FindLiveObjects: 0.130000 ms CreateObjectMapping: 0.034700 ms MarkObjects: 1.368900 ms  DeleteObjects: 0.044600 ms)

========================================================================
Received Prepare
Registering precompiled user dll's ...
Registered in 0.000594 seconds.
Begin MonoManager ReloadAssembly
Native extension for WindowsStandalone target not found
Refreshing native plugins compatible for Editor in 0.20 ms, found 0 plugins.
Preloading 0 native plugins for Editor in 0.00 ms.
Invoked RoslynAnalysisRunner static constructor.
RoslynAnalysisRunner will not be running.
RoslynAnalysisRunner has terminated.
Mono: successfully reloaded assembly
- Completed reload, in  0.682 seconds
Platform modules already initialized, skipping
Refreshing native plugins compatible for Editor in 0.18 ms, found 0 plugins.
Preloading 0 native plugins for Editor in 0.00 ms.
Unloading 1092 Unused Serialized files (Serialized files now loaded: 0)
System memory in use before: 62.4 MB.
System memory in use after: 62.5 MB.

Unloading 5 unused Assets to reduce memory usage. Loaded Objects now: 1648.
Total: 1.952600 ms (FindLiveObjects: 0.146000 ms CreateObjectMapping: 0.103900 ms MarkObjects: 1.649500 ms  DeleteObjects: 0.051800 ms)

========================================================================
Received Import Request.
  Time since last request: 1112.142493 seconds.
  path: Assets/TextMeshManag.cs
  artifactKey: Guid(6eddb8817b2df22409b83cdc18d38945) Importer(815301076,1909f56bfc062723c751e8b465ee728b)
Start importing Assets/TextMeshManag.cs using Guid(6eddb8817b2df22409b83cdc18d38945) Importer(815301076,1909f56bfc062723c751e8b465ee728b)  -> (artifact id: '1596952a722a2798ec023063add3a590') in 0.007196 seconds
  Import took 0.009007 seconds .

========================================================================
Received Import Request.
  Time since last request: 0.001912 seconds.
  path: Assets/TextMeshManag.cs
  artifactKey: Guid(6eddb8817b2df22409b83cdc18d38945) Importer(815301076,1909f56bfc062723c751e8b465ee728b)
Start importing Assets/TextMeshManag.cs using Guid(6eddb8817b2df22409b83cdc18d38945) Importer(815301076,1909f56bfc062723c751e8b465ee728b)  -> (artifact id: '1596952a722a2798ec023063add3a590') in 0.001927 seconds
  Import took 0.003762 seconds .

========================================================================
Received Import Request.
  Time since last request: 191.957208 seconds.
  path: Assets/9321f807a3_100799_soleil-rouge.jpg
  artifactKey: Guid(687a19de8013a5b48918f2cc0be3b42d) Importer(815301076,1909f56bfc062723c751e8b465ee728b)
Start importing Assets/9321f807a3_100799_soleil-rouge.jpg using Guid(687a19de8013a5b48918f2cc0be3b42d) Importer(815301076,1909f56bfc062723c751e8b465ee728b)  -> (artifact id: '24cc497fef331d5763f9c32ef07dbe6d') in 0.045839 seconds
  Import took 0.048143 seconds .

========================================================================
Received Import Request.
  Time since last request: 105.765459 seconds.
  path: Assets/9321f807a3_100799_soleil-rouge.jpg
  artifactKey: Guid(687a19de8013a5b48918f2cc0be3b42d) Importer(815301076,1909f56bfc062723c751e8b465ee728b)
Start importing Assets/9321f807a3_100799_soleil-rouge.jpg using Guid(687a19de8013a5b48918f2cc0be3b42d) Importer(815301076,1909f56bfc062723c751e8b465ee728b)  -> (artifact id: 'cda67b0ab2ed2cf79e9552f9f28dd7a4') in 0.029841 seconds
  Import took 0.031633 seconds .

========================================================================
Received Prepare
Registering precompiled user dll's ...
Registered in 0.000494 seconds.
Begin MonoManager ReloadAssembly
Native extension for WindowsStandalone target not found
Refreshing native plugins compatible for Editor in 0.19 ms, found 0 plugins.
Preloading 0 native plugins for Editor in 0.00 ms.
Invoked RoslynAnalysisRunner static constructor.
RoslynAnalysisRunner will not be running.
RoslynAnalysisRunner has terminated.
Mono: successfully reloaded assembly
- Completed reload, in  0.693 seconds
Platform modules already initialized, skipping
Refreshing native plugins compatible for Editor in 0.19 ms, found 0 plugins.
Preloading 0 native plugins for Editor in 0.00 ms.
Unloading 1092 Unused Serialized files (Serialized files now loaded: 0)
System memory in use before: 62.6 MB.
System memory in use after: 62.7 MB.

Unloading 5 unused Assets to reduce memory usage. Loaded Objects now: 1654.
Total: 1.586800 ms (FindLiveObjects: 0.129700 ms CreateObjectMapping: 0.033800 ms MarkObjects: 1.380900 ms  DeleteObjects: 0.041500 ms)

========================================================================
Received Prepare
Registering precompiled user dll's ...
Registered in 0.000496 seconds.
Begin MonoManager ReloadAssembly
Native extension for WindowsStandalone target not found
Refreshing native plugins compatible for Editor in 0.19 ms, found 0 plugins.
Preloading 0 native plugins for Editor in 0.00 ms.
Invoked RoslynAnalysisRunner static constructor.
RoslynAnalysisRunner will not be running.
RoslynAnalysisRunner has terminated.
Mono: successfully reloaded assembly
- Completed reload, in  0.738 seconds
Platform modules already initialized, skipping
Refreshing native plugins compatible for Editor in 0.22 ms, found 0 plugins.
Preloading 0 native plugins for Editor in 0.00 ms.
Unloading 1092 Unused Serialized files (Serialized files now loaded: 0)
System memory in use before: 62.7 MB.
System memory in use after: 62.8 MB.

Unloading 5 unused Assets to reduce memory usage. Loaded Objects now: 1656.
Total: 1.596100 ms (FindLiveObjects: 0.143200 ms CreateObjectMapping: 0.037400 ms MarkObjects: 1.370400 ms  DeleteObjects: 0.044000 ms)

========================================================================
Received Import Request.
  Time since last request: 568.391614 seconds.
  path: Assets/GameStart.asset
  artifactKey: Guid(901975a21ddba4c4885b897905932368) Importer(815301076,1909f56bfc062723c751e8b465ee728b)
Start importing Assets/GameStart.asset using Guid(901975a21ddba4c4885b897905932368) Importer(815301076,1909f56bfc062723c751e8b465ee728b)  -> (artifact id: '2f43b24851efeff98f250b19a5234716') in 0.016857 seconds
  Import took 0.018697 seconds .

========================================================================
Received Prepare
Registering precompiled user dll's ...
Registered in 0.000519 seconds.
Begin MonoManager ReloadAssembly
Native extension for WindowsStandalone target not found
Refreshing native plugins compatible for Editor in 0.20 ms, found 0 plugins.
Preloading 0 native plugins for Editor in 0.00 ms.
Invoked RoslynAnalysisRunner static constructor.
RoslynAnalysisRunner will not be running.
RoslynAnalysisRunner has terminated.
Mono: successfully reloaded assembly
- Completed reload, in  0.700 seconds
Platform modules already initialized, skipping
Refreshing native plugins compatible for Editor in 0.18 ms, found 0 plugins.
Preloading 0 native plugins for Editor in 0.00 ms.
Unloading 1092 Unused Serialized files (Serialized files now loaded: 0)
System memory in use before: 62.0 MB.
System memory in use after: 62.0 MB.

Unloading 5 unused Assets to reduce memory usage. Loaded Objects now: 1658.
Total: 5.671500 ms (FindLiveObjects: 0.569300 ms CreateObjectMapping: 0.176600 ms MarkObjects: 4.765800 ms  DeleteObjects: 0.156100 ms)

========================================================================
Received Import Request.
  Time since last request: 459.512132 seconds.
  path: Assets/End_game.asset
  artifactKey: Guid(b7c17e555def3c14ead5b01163a13599) Importer(815301076,1909f56bfc062723c751e8b465ee728b)
Start importing Assets/End_game.asset using Guid(b7c17e555def3c14ead5b01163a13599) Importer(815301076,1909f56bfc062723c751e8b465ee728b)  -> (artifact id: '243b3e181158ff10c1f8e6d0f8fbec71') in 0.015322 seconds
  Import took 0.017228 seconds .

========================================================================
Received Prepare
Registering precompiled user dll's ...
Registered in 0.000511 seconds.
Begin MonoManager ReloadAssembly
Native extension for WindowsStandalone target not found
Refreshing native plugins compatible for Editor in 0.20 ms, found 0 plugins.
Preloading 0 native plugins for Editor in 0.00 ms.
Invoked RoslynAnalysisRunner static constructor.
RoslynAnalysisRunner will not be running.
RoslynAnalysisRunner has terminated.
Mono: successfully reloaded assembly
- Completed reload, in  0.721 seconds
Platform modules already initialized, skipping
Refreshing native plugins compatible for Editor in 0.19 ms, found 0 plugins.
Preloading 0 native plugins for Editor in 0.00 ms.
Unloading 1092 Unused Serialized files (Serialized files now loaded: 0)
System memory in use before: 62.1 MB.
System memory in use after: 62.2 MB.

Unloading 5 unused Assets to reduce memory usage. Loaded Objects now: 1660.
Total: 1.593200 ms (FindLiveObjects: 0.130600 ms CreateObjectMapping: 0.033300 ms MarkObjects: 1.385000 ms  DeleteObjects: 0.043100 ms)

========================================================================
Received Import Request.
  Time since last request: 441.332233 seconds.
  path: Assets/OptionButton.prefab
  artifactKey: Guid(24300fc5363858242a6c089e7eb9f5f9) Importer(815301076,1909f56bfc062723c751e8b465ee728b)
Start importing Assets/OptionButton.prefab using Guid(24300fc5363858242a6c089e7eb9f5f9) Importer(815301076,1909f56bfc062723c751e8b465ee728b)  -> (artifact id: '17a15940311337fbc6534c68abff7c9a') in 0.045638 seconds
  Import took 0.047576 seconds .

========================================================================
Received Prepare
Registering precompiled user dll's ...
Registered in 0.000554 seconds.
Begin MonoManager ReloadAssembly
Native extension for WindowsStandalone target not found
Refreshing native plugins compatible for Editor in 0.19 ms, found 0 plugins.
Preloading 0 native plugins for Editor in 0.00 ms.
Invoked RoslynAnalysisRunner static constructor.
RoslynAnalysisRunner will not be running.
RoslynAnalysisRunner has terminated.
Mono: successfully reloaded assembly
- Completed reload, in  0.695 seconds
Platform modules already initialized, skipping
Refreshing native plugins compatible for Editor in 0.19 ms, found 0 plugins.
Preloading 0 native plugins for Editor in 0.00 ms.
Unloading 1092 Unused Serialized files (Serialized files now loaded: 0)
System memory in use before: 62.4 MB.
System memory in use after: 62.5 MB.

Unloading 6 unused Assets to reduce memory usage. Loaded Objects now: 1664.
Total: 1.578200 ms (FindLiveObjects: 0.133100 ms CreateObjectMapping: 0.033400 ms MarkObjects: 1.360700 ms  DeleteObjects: 0.050100 ms)

========================================================================
Received Import Request.
  Time since last request: 372.328772 seconds.
  path: Assets/Dialogue.cs
  artifactKey: Guid(bab521c628771e143bf5c58c561e45a2) Importer(815301076,1909f56bfc062723c751e8b465ee728b)
Start importing Assets/Dialogue.cs using Guid(bab521c628771e143bf5c58c561e45a2) Importer(815301076,1909f56bfc062723c751e8b465ee728b)  -> (artifact id: '23862119cd2bd1e97c2b7064041fbd71') in 0.008407 seconds
  Import took 0.010347 seconds .

========================================================================
Received Import Request.
  Time since last request: 0.001409 seconds.
  path: Assets/Dialogue.cs
  artifactKey: Guid(bab521c628771e143bf5c58c561e45a2) Importer(815301076,1909f56bfc062723c751e8b465ee728b)
Start importing Assets/Dialogue.cs using Guid(bab521c628771e143bf5c58c561e45a2) Importer(815301076,1909f56bfc062723c751e8b465ee728b)  -> (artifact id: '23862119cd2bd1e97c2b7064041fbd71') in 0.002076 seconds
  Import took 0.004115 seconds .

========================================================================
Received Import Request.
  Time since last request: 1.163757 seconds.
  path: Assets/DialogueTrigger.cs
  artifactKey: Guid(5bdbea73a80bd634d9dacd05bff2d422) Importer(815301076,1909f56bfc062723c751e8b465ee728b)
Start importing Assets/DialogueTrigger.cs using Guid(5bdbea73a80bd634d9dacd05bff2d422) Importer(815301076,1909f56bfc062723c751e8b465ee728b)  -> (artifact id: '539e834a07908eefc3faa334be517287') in 0.002129 seconds
  Import took 0.003840 seconds .

========================================================================
Received Import Request.
  Time since last request: 0.002148 seconds.
  path: Assets/DialogueTrigger.cs
  artifactKey: Guid(5bdbea73a80bd634d9dacd05bff2d422) Importer(815301076,1909f56bfc062723c751e8b465ee728b)
Start importing Assets/DialogueTrigger.cs using Guid(5bdbea73a80bd634d9dacd05bff2d422) Importer(815301076,1909f56bfc062723c751e8b465ee728b)  -> (artifact id: '539e834a07908eefc3faa334be517287') in 0.001827 seconds
  Import took 0.003530 seconds .

========================================================================
Received Prepare
Registering precompiled user dll's ...
Registered in 0.000507 seconds.
Begin MonoManager ReloadAssembly
Native extension for WindowsStandalone target not found
Refreshing native plugins compatible for Editor in 0.21 ms, found 0 plugins.
Preloading 0 native plugins for Editor in 0.00 ms.
Invoked RoslynAnalysisRunner static constructor.
RoslynAnalysisRunner will not be running.
RoslynAnalysisRunner has terminated.
Mono: successfully reloaded assembly
- Completed reload, in  0.682 seconds
Platform modules already initialized, skipping
Refreshing native plugins compatible for Editor in 0.20 ms, found 0 plugins.
Preloading 0 native plugins for Editor in 0.00 ms.
Unloading 1092 Unused Serialized files (Serialized files now loaded: 0)
System memory in use before: 62.6 MB.
System memory in use after: 62.7 MB.

Unloading 5 unused Assets to reduce memory usage. Loaded Objects now: 1666.
Total: 1.623800 ms (FindLiveObjects: 0.203300 ms CreateObjectMapping: 0.047600 ms MarkObjects: 1.329000 ms  DeleteObjects: 0.042700 ms)

========================================================================
Received Prepare
Registering precompiled user dll's ...
Registered in 0.000541 seconds.
Begin MonoManager ReloadAssembly
Native extension for WindowsStandalone target not found
Refreshing native plugins compatible for Editor in 0.21 ms, found 0 plugins.
Preloading 0 native plugins for Editor in 0.00 ms.
Invoked RoslynAnalysisRunner static constructor.
RoslynAnalysisRunner will not be running.
RoslynAnalysisRunner has terminated.
Mono: successfully reloaded assembly
- Completed reload, in  0.783 seconds
Platform modules already initialized, skipping
Refreshing native plugins compatible for Editor in 0.21 ms, found 0 plugins.
Preloading 0 native plugins for Editor in 0.00 ms.
Unloading 1092 Unused Serialized files (Serialized files now loaded: 0)
System memory in use before: 62.8 MB.
System memory in use after: 62.8 MB.

Unloading 5 unused Assets to reduce memory usage. Loaded Objects now: 1668.
Total: 1.699600 ms (FindLiveObjects: 0.141800 ms CreateObjectMapping: 0.038900 ms MarkObjects: 1.472200 ms  DeleteObjects: 0.045300 ms)

========================================================================
Received Prepare
Registering precompiled user dll's ...
Registered in 0.000506 seconds.
Begin MonoManager ReloadAssembly
Native extension for WindowsStandalone target not found
Refreshing native plugins compatible for Editor in 0.20 ms, found 0 plugins.
Preloading 0 native plugins for Editor in 0.00 ms.
Invoked RoslynAnalysisRunner static constructor.
RoslynAnalysisRunner will not be running.
RoslynAnalysisRunner has terminated.
Mono: successfully reloaded assembly
- Completed reload, in  0.687 seconds
Platform modules already initialized, skipping
Refreshing native plugins compatible for Editor in 0.20 ms, found 0 plugins.
Preloading 0 native plugins for Editor in 0.00 ms.
Unloading 1092 Unused Serialized files (Serialized files now loaded: 0)
System memory in use before: 62.9 MB.
System memory in use after: 62.9 MB.

Unloading 5 unused Assets to reduce memory usage. Loaded Objects now: 1670.
Total: 1.624900 ms (FindLiveObjects: 0.158500 ms CreateObjectMapping: 0.040100 ms MarkObjects: 1.380600 ms  DeleteObjects: 0.044300 ms)

========================================================================
Received Prepare
Registering precompiled user dll's ...
Registered in 0.000678 seconds.
Begin MonoManager ReloadAssembly
Native extension for WindowsStandalone target not found
Refreshing native plugins compatible for Editor in 0.20 ms, found 0 plugins.
Preloading 0 native plugins for Editor in 0.00 ms.
Invoked RoslynAnalysisRunner static constructor.
RoslynAnalysisRunner will not be running.
RoslynAnalysisRunner has terminated.
Mono: successfully reloaded assembly
- Completed reload, in  0.673 seconds
Platform modules already initialized, skipping
Refreshing native plugins compatible for Editor in 0.18 ms, found 0 plugins.
Preloading 0 native plugins for Editor in 0.00 ms.
Unloading 1092 Unused Serialized files (Serialized files now loaded: 0)
System memory in use before: 62.1 MB.
System memory in use after: 62.2 MB.

Unloading 5 unused Assets to reduce memory usage. Loaded Objects now: 1672.
Total: 1.610500 ms (FindLiveObjects: 0.136700 ms CreateObjectMapping: 0.036600 ms MarkObjects: 1.389200 ms  DeleteObjects: 0.046800 ms)

========================================================================
Received Prepare
Registering precompiled user dll's ...
Registered in 0.000511 seconds.
Begin MonoManager ReloadAssembly
Native extension for WindowsStandalone target not found
Refreshing native plugins compatible for Editor in 0.20 ms, found 0 plugins.
Preloading 0 native plugins for Editor in 0.00 ms.
Invoked RoslynAnalysisRunner static constructor.
RoslynAnalysisRunner will not be running.
RoslynAnalysisRunner has terminated.
Mono: successfully reloaded assembly
- Completed reload, in  0.690 seconds
Platform modules already initialized, skipping
Refreshing native plugins compatible for Editor in 0.19 ms, found 0 plugins.
Preloading 0 native plugins for Editor in 0.00 ms.
Unloading 1091 Unused Serialized files (Serialized files now loaded: 0)
System memory in use before: 62.3 MB.
System memory in use after: 62.3 MB.

Unloading 6 unused Assets to reduce memory usage. Loaded Objects now: 1673.
Total: 1.473500 ms (FindLiveObjects: 0.144500 ms CreateObjectMapping: 0.036900 ms MarkObjects: 1.248100 ms  DeleteObjects: 0.043200 ms)

========================================================================
Received Import Request.
  Time since last request: 1096.620320 seconds.
  path: Assets/End_game.asset
  artifactKey: Guid(b7c17e555def3c14ead5b01163a13599) Importer(815301076,1909f56bfc062723c751e8b465ee728b)
Start importing Assets/End_game.asset using Guid(b7c17e555def3c14ead5b01163a13599) Importer(815301076,1909f56bfc062723c751e8b465ee728b)  -> (artifact id: '4110b9fd493f4a8282db6ffd9ec1d2e9') in 0.014943 seconds
  Import took 0.016823 seconds .

========================================================================
Received Import Request.
  Time since last request: 0.000176 seconds.
  path: Assets/FirstDialogue.asset
  artifactKey: Guid(11cac37f25577c44cb5ac61f568a2684) Importer(815301076,1909f56bfc062723c751e8b465ee728b)
Start importing Assets/FirstDialogue.asset using Guid(11cac37f25577c44cb5ac61f568a2684) Importer(815301076,1909f56bfc062723c751e8b465ee728b)  -> (artifact id: 'c7a6359623595c58473291b24cdddae2') in 0.006063 seconds
  Import took 0.007843 seconds .

========================================================================
Received Import Request.
  Time since last request: 0.000292 seconds.
  path: Assets/GameStart.asset
  artifactKey: Guid(901975a21ddba4c4885b897905932368) Importer(815301076,1909f56bfc062723c751e8b465ee728b)
Start importing Assets/GameStart.asset using Guid(901975a21ddba4c4885b897905932368) Importer(815301076,1909f56bfc062723c751e8b465ee728b)  -> (artifact id: '2b60278a4a0f42035bbbb6b34a34f053') in 0.002239 seconds
  Import took 0.003920 seconds .

========================================================================
Received Import Request.
  Time since last request: 0.831808 seconds.
  path: Assets/GameStart.asset
  artifactKey: Guid(901975a21ddba4c4885b897905932368) Importer(815301076,1909f56bfc062723c751e8b465ee728b)
Start importing Assets/GameStart.asset using Guid(901975a21ddba4c4885b897905932368) Importer(815301076,1909f56bfc062723c751e8b465ee728b)  -> (artifact id: '7a92c57752899fd450d18450237c2b2a') in 0.002418 seconds
  Import took 0.004197 seconds .

========================================================================
Received Prepare
Registering precompiled user dll's ...
Registered in 0.000513 seconds.
Begin MonoManager ReloadAssembly
Native extension for WindowsStandalone target not found
Refreshing native plugins compatible for Editor in 0.21 ms, found 0 plugins.
Preloading 0 native plugins for Editor in 0.00 ms.
Invoked RoslynAnalysisRunner static constructor.
RoslynAnalysisRunner will not be running.
RoslynAnalysisRunner has terminated.
Mono: successfully reloaded assembly
- Completed reload, in  0.723 seconds
Platform modules already initialized, skipping
Refreshing native plugins compatible for Editor in 0.19 ms, found 0 plugins.
Preloading 0 native plugins for Editor in 0.00 ms.
Unloading 1091 Unused Serialized files (Serialized files now loaded: 0)
System memory in use before: 62.5 MB.
System memory in use after: 62.5 MB.

Unloading 5 unused Assets to reduce memory usage. Loaded Objects now: 1675.
Total: 1.555900 ms (FindLiveObjects: 0.136800 ms CreateObjectMapping: 0.034500 ms MarkObjects: 1.343000 ms  DeleteObjects: 0.040600 ms)

========================================================================
Received Prepare
Registering precompiled user dll's ...
Registered in 0.000523 seconds.
Begin MonoManager ReloadAssembly
Native extension for WindowsStandalone target not found
Refreshing native plugins compatible for Editor in 0.22 ms, found 0 plugins.
Preloading 0 native plugins for Editor in 0.00 ms.
Invoked RoslynAnalysisRunner static constructor.
RoslynAnalysisRunner will not be running.
RoslynAnalysisRunner has terminated.
Mono: successfully reloaded assembly
- Completed reload, in  0.721 seconds
Platform modules already initialized, skipping
Refreshing native plugins compatible for Editor in 0.18 ms, found 0 plugins.
Preloading 0 native plugins for Editor in 0.00 ms.
Unloading 1091 Unused Serialized files (Serialized files now loaded: 0)
System memory in use before: 62.6 MB.
System memory in use after: 62.7 MB.

Unloading 5 unused Assets to reduce memory usage. Loaded Objects now: 1677.
Total: 1.613200 ms (FindLiveObjects: 0.176300 ms CreateObjectMapping: 0.044000 ms MarkObjects: 1.348100 ms  DeleteObjects: 0.043800 ms)

========================================================================
Received Prepare
Registering precompiled user dll's ...
Registered in 0.000499 seconds.
Begin MonoManager ReloadAssembly
Native extension for WindowsStandalone target not found
Refreshing native plugins compatible for Editor in 0.21 ms, found 0 plugins.
Preloading 0 native plugins for Editor in 0.00 ms.
Invoked RoslynAnalysisRunner static constructor.
RoslynAnalysisRunner will not be running.
RoslynAnalysisRunner has terminated.
Mono: successfully reloaded assembly
- Completed reload, in  0.710 seconds
Platform modules already initialized, skipping
Refreshing native plugins compatible for Editor in 0.18 ms, found 0 plugins.
Preloading 0 native plugins for Editor in 0.00 ms.
Unloading 1091 Unused Serialized files (Serialized files now loaded: 0)
System memory in use before: 62.8 MB.
System memory in use after: 62.9 MB.

Unloading 5 unused Assets to reduce memory usage. Loaded Objects now: 1679.
Total: 1.494300 ms (FindLiveObjects: 0.133500 ms CreateObjectMapping: 0.035300 ms MarkObjects: 1.282000 ms  DeleteObjects: 0.042300 ms)

========================================================================
Received Prepare
Registering precompiled user dll's ...
Registered in 0.000470 seconds.
Begin MonoManager ReloadAssembly
Native extension for WindowsStandalone target not found
Refreshing native plugins compatible for Editor in 0.20 ms, found 0 plugins.
Preloading 0 native plugins for Editor in 0.00 ms.
Invoked RoslynAnalysisRunner static constructor.
RoslynAnalysisRunner will not be running.
RoslynAnalysisRunner has terminated.
Mono: successfully reloaded assembly
- Completed reload, in  0.699 seconds
Platform modules already initialized, skipping
Refreshing native plugins compatible for Editor in 0.19 ms, found 0 plugins.
Preloading 0 native plugins for Editor in 0.00 ms.
Unloading 1091 Unused Serialized files (Serialized files now loaded: 0)
System memory in use before: 62.9 MB.
System memory in use after: 62.9 MB.

Unloading 5 unused Assets to reduce memory usage. Loaded Objects now: 1681.
Total: 1.590600 ms (FindLiveObjects: 0.140500 ms CreateObjectMapping: 0.036700 ms MarkObjects: 1.370600 ms  DeleteObjects: 0.042000 ms)

========================================================================
Received Import Request.
  Time since last request: 519.795684 seconds.
  path: Assets/OptionButton.prefab
  artifactKey: Guid(24300fc5363858242a6c089e7eb9f5f9) Importer(815301076,1909f56bfc062723c751e8b465ee728b)
Start importing Assets/OptionButton.prefab using Guid(24300fc5363858242a6c089e7eb9f5f9) Importer(815301076,1909f56bfc062723c751e8b465ee728b)  -> (artifact id: '7e850d72c1b513b6003577a3c3a51bf2') in 0.082886 seconds
  Import took 0.085010 seconds .

========================================================================
Received Prepare
Registering precompiled user dll's ...
Registered in 0.000480 seconds.
Begin MonoManager ReloadAssembly
Native extension for WindowsStandalone target not found
Refreshing native plugins compatible for Editor in 0.20 ms, found 0 plugins.
Preloading 0 native plugins for Editor in 0.00 ms.
Invoked RoslynAnalysisRunner static constructor.
RoslynAnalysisRunner will not be running.
RoslynAnalysisRunner has terminated.
Mono: successfully reloaded assembly
- Completed reload, in  0.709 seconds
Platform modules already initialized, skipping
Refreshing native plugins compatible for Editor in 0.19 ms, found 0 plugins.
Preloading 0 native plugins for Editor in 0.00 ms.
Unloading 1091 Unused Serialized files (Serialized files now loaded: 0)
System memory in use before: 62.2 MB.
System memory in use after: 62.2 MB.

Unloading 6 unused Assets to reduce memory usage. Loaded Objects now: 1683.
Total: 1.549800 ms (FindLiveObjects: 0.134500 ms CreateObjectMapping: 0.034200 ms MarkObjects: 1.332200 ms  DeleteObjects: 0.047500 ms)

========================================================================
Received Prepare
Registering precompiled user dll's ...
Registered in 0.000523 seconds.
Begin MonoManager ReloadAssembly
Native extension for WindowsStandalone target not found
Refreshing native plugins compatible for Editor in 0.20 ms, found 0 plugins.
Preloading 0 native plugins for Editor in 0.00 ms.
Invoked RoslynAnalysisRunner static constructor.
RoslynAnalysisRunner will not be running.
RoslynAnalysisRunner has terminated.
Mono: successfully reloaded assembly
- Completed reload, in  0.689 seconds
Platform modules already initialized, skipping
Refreshing native plugins compatible for Editor in 0.19 ms, found 0 plugins.
Preloading 0 native plugins for Editor in 0.00 ms.
Unloading 1091 Unused Serialized files (Serialized files now loaded: 0)
System memory in use before: 62.3 MB.
System memory in use after: 62.4 MB.

Unloading 5 unused Assets to reduce memory usage. Loaded Objects now: 1685.
Total: 1.928300 ms (FindLiveObjects: 0.207200 ms CreateObjectMapping: 0.055400 ms MarkObjects: 1.614600 ms  DeleteObjects: 0.049700 ms)

========================================================================
Received Prepare
Registering precompiled user dll's ...
Registered in 0.000518 seconds.
Begin MonoManager ReloadAssembly
Native extension for WindowsStandalone target not found
Refreshing native plugins compatible for Editor in 0.20 ms, found 0 plugins.
Preloading 0 native plugins for Editor in 0.00 ms.
Invoked RoslynAnalysisRunner static constructor.
RoslynAnalysisRunner will not be running.
RoslynAnalysisRunner has terminated.
Mono: successfully reloaded assembly
- Completed reload, in  0.742 seconds
Platform modules already initialized, skipping
Refreshing native plugins compatible for Editor in 0.19 ms, found 0 plugins.
Preloading 0 native plugins for Editor in 0.00 ms.
Unloading 1091 Unused Serialized files (Serialized files now loaded: 0)
System memory in use before: 62.5 MB.
System memory in use after: 62.6 MB.

Unloading 5 unused Assets to reduce memory usage. Loaded Objects now: 1687.
Total: 1.890400 ms (FindLiveObjects: 0.137200 ms CreateObjectMapping: 0.034100 ms MarkObjects: 1.670700 ms  DeleteObjects: 0.047100 ms)

========================================================================
Received Prepare
Registering precompiled user dll's ...
Registered in 0.000591 seconds.
Begin MonoManager ReloadAssembly
Native extension for WindowsStandalone target not found
Refreshing native plugins compatible for Editor in 0.19 ms, found 0 plugins.
Preloading 0 native plugins for Editor in 0.00 ms.
Invoked RoslynAnalysisRunner static constructor.
RoslynAnalysisRunner will not be running.
RoslynAnalysisRunner has terminated.
Mono: successfully reloaded assembly
- Completed reload, in  0.693 seconds
Platform modules already initialized, skipping
Refreshing native plugins compatible for Editor in 0.20 ms, found 0 plugins.
Preloading 0 native plugins for Editor in 0.00 ms.
Unloading 1091 Unused Serialized files (Serialized files now loaded: 0)
System memory in use before: 62.7 MB.
System memory in use after: 62.8 MB.

Unloading 5 unused Assets to reduce memory usage. Loaded Objects now: 1689.
Total: 1.786700 ms (FindLiveObjects: 0.225900 ms CreateObjectMapping: 0.093900 ms MarkObjects: 1.419200 ms  DeleteObjects: 0.046700 ms)

========================================================================
Received Prepare
Registering precompiled user dll's ...
Registered in 0.000497 seconds.
Begin MonoManager ReloadAssembly
Native extension for WindowsStandalone target not found
Refreshing native plugins compatible for Editor in 0.20 ms, found 0 plugins.
Preloading 0 native plugins for Editor in 0.00 ms.
Invoked RoslynAnalysisRunner static constructor.
RoslynAnalysisRunner will not be running.
RoslynAnalysisRunner has terminated.
Mono: successfully reloaded assembly
- Completed reload, in  0.724 seconds
Platform modules already initialized, skipping
Refreshing native plugins compatible for Editor in 0.19 ms, found 0 plugins.
Preloading 0 native plugins for Editor in 0.00 ms.
Unloading 1091 Unused Serialized files (Serialized files now loaded: 0)
System memory in use before: 62.9 MB.
System memory in use after: 63.0 MB.

Unloading 5 unused Assets to reduce memory usage. Loaded Objects now: 1691.
Total: 1.622400 ms (FindLiveObjects: 0.145300 ms CreateObjectMapping: 0.035200 ms MarkObjects: 1.397000 ms  DeleteObjects: 0.043800 ms)

========================================================================
Received Prepare
Registering precompiled user dll's ...
Registered in 0.000512 seconds.
Begin MonoManager ReloadAssembly
Native extension for WindowsStandalone target not found
Refreshing native plugins compatible for Editor in 0.19 ms, found 0 plugins.
Preloading 0 native plugins for Editor in 0.00 ms.
Invoked RoslynAnalysisRunner static constructor.
RoslynAnalysisRunner will not be running.
RoslynAnalysisRunner has terminated.
Mono: successfully reloaded assembly
- Completed reload, in  0.732 seconds
Platform modules already initialized, skipping
Refreshing native plugins compatible for Editor in 0.25 ms, found 0 plugins.
Preloading 0 native plugins for Editor in 0.00 ms.
Unloading 1091 Unused Serialized files (Serialized files now loaded: 0)
System memory in use before: 62.9 MB.
System memory in use after: 63.0 MB.

Unloading 5 unused Assets to reduce memory usage. Loaded Objects now: 1693.
Total: 1.635800 ms (FindLiveObjects: 0.146500 ms CreateObjectMapping: 0.038700 ms MarkObjects: 1.406600 ms  DeleteObjects: 0.043000 ms)

========================================================================
Received Import Request.
  Time since last request: 763.444250 seconds.
  path: Assets/DiologueOption.cs
  artifactKey: Guid(d21bacd0dd9ab254ea64b5f65877d261) Importer(815301076,1909f56bfc062723c751e8b465ee728b)
Start importing Assets/DiologueOption.cs using Guid(d21bacd0dd9ab254ea64b5f65877d261) Importer(815301076,1909f56bfc062723c751e8b465ee728b)  -> (artifact id: '717052145487f5c1f2c4e95a99c41c1b') in 0.009514 seconds
  Import took 0.011702 seconds .

========================================================================
Received Prepare
Registering precompiled user dll's ...
Registered in 0.000522 seconds.
Begin MonoManager ReloadAssembly
Native extension for WindowsStandalone target not found
Refreshing native plugins compatible for Editor in 0.19 ms, found 0 plugins.
Preloading 0 native plugins for Editor in 0.00 ms.
Invoked RoslynAnalysisRunner static constructor.
RoslynAnalysisRunner will not be running.
RoslynAnalysisRunner has terminated.
Mono: successfully reloaded assembly
- Completed reload, in  0.719 seconds
Platform modules already initialized, skipping
Refreshing native plugins compatible for Editor in 0.21 ms, found 0 plugins.
Preloading 0 native plugins for Editor in 0.00 ms.
Unloading 1092 Unused Serialized files (Serialized files now loaded: 0)
System memory in use before: 62.3 MB.
System memory in use after: 62.3 MB.

Unloading 5 unused Assets to reduce memory usage. Loaded Objects now: 1696.
Total: 1.821000 ms (FindLiveObjects: 0.157000 ms CreateObjectMapping: 0.043100 ms MarkObjects: 1.569900 ms  DeleteObjects: 0.049300 ms)

========================================================================
Received Prepare
Registering precompiled user dll's ...
Registered in 0.000490 seconds.
Begin MonoManager ReloadAssembly
Native extension for WindowsStandalone target not found
Refreshing native plugins compatible for Editor in 0.22 ms, found 0 plugins.
Preloading 0 native plugins for Editor in 0.00 ms.
Invoked RoslynAnalysisRunner static constructor.
RoslynAnalysisRunner will not be running.
RoslynAnalysisRunner has terminated.
Mono: successfully reloaded assembly
- Completed reload, in  0.697 seconds
Platform modules already initialized, skipping
Refreshing native plugins compatible for Editor in 0.20 ms, found 0 plugins.
Preloading 0 native plugins for Editor in 0.00 ms.
Unloading 1092 Unused Serialized files (Serialized files now loaded: 0)
System memory in use before: 62.4 MB.
System memory in use after: 62.5 MB.

Unloading 5 unused Assets to reduce memory usage. Loaded Objects now: 1698.
Total: 1.614700 ms (FindLiveObjects: 0.144000 ms CreateObjectMapping: 0.036100 ms MarkObjects: 1.387700 ms  DeleteObjects: 0.045900 ms)

========================================================================
Received Import Request.
  Time since last request: 753.191320 seconds.
  path: Assets/DiologueOption.cs
  artifactKey: Guid(d21bacd0dd9ab254ea64b5f65877d261) Importer(815301076,1909f56bfc062723c751e8b465ee728b)
Start importing Assets/DiologueOption.cs using Guid(d21bacd0dd9ab254ea64b5f65877d261) Importer(815301076,1909f56bfc062723c751e8b465ee728b)  -> (artifact id: 'd5b6fc6c61b23b32f16fa8b2df68bee7') in 0.003493 seconds
  Import took 0.005270 seconds .

========================================================================
Received Import Request.
  Time since last request: 28.742125 seconds.
  path: Assets/OptionButton.prefab
  artifactKey: Guid(24300fc5363858242a6c089e7eb9f5f9) Importer(815301076,1909f56bfc062723c751e8b465ee728b)
Start importing Assets/OptionButton.prefab using Guid(24300fc5363858242a6c089e7eb9f5f9) Importer(815301076,1909f56bfc062723c751e8b465ee728b)  -> (artifact id: 'ecb3a6fabdf053a055b072a7868dbb7e') in 0.079314 seconds
  Import took 0.081451 seconds .

========================================================================
Received Import Request.
  Time since last request: 6.371334 seconds.
  path: Assets/OptionButton.prefab
  artifactKey: Guid(24300fc5363858242a6c089e7eb9f5f9) Importer(815301076,1909f56bfc062723c751e8b465ee728b)
Start importing Assets/OptionButton.prefab using Guid(24300fc5363858242a6c089e7eb9f5f9) Importer(815301076,1909f56bfc062723c751e8b465ee728b)  -> (artifact id: '8bfbe11802003b2a0b7b7969469d6a6e') in 0.027140 seconds
  Import took 0.029183 seconds .

========================================================================
Received Import Request.
  Time since last request: 2.280666 seconds.
  path: Assets/OptionButton.prefab
  artifactKey: Guid(24300fc5363858242a6c089e7eb9f5f9) Importer(815301076,1909f56bfc062723c751e8b465ee728b)
Start importing Assets/OptionButton.prefab using Guid(24300fc5363858242a6c089e7eb9f5f9) Importer(815301076,1909f56bfc062723c751e8b465ee728b)  -> (artifact id: 'd5838a9f3d0a3305be1d81563ebff740') in 0.026528 seconds
  Import took 0.028502 seconds .

========================================================================
Received Prepare
Registering precompiled user dll's ...
Registered in 0.000512 seconds.
Begin MonoManager ReloadAssembly
Native extension for WindowsStandalone target not found
Refreshing native plugins compatible for Editor in 0.20 ms, found 0 plugins.
Preloading 0 native plugins for Editor in 0.00 ms.
Invoked RoslynAnalysisRunner static constructor.
RoslynAnalysisRunner will not be running.
RoslynAnalysisRunner has terminated.
Mono: successfully reloaded assembly
- Completed reload, in  0.706 seconds
Platform modules already initialized, skipping
Refreshing native plugins compatible for Editor in 0.18 ms, found 0 plugins.
Preloading 0 native plugins for Editor in 0.00 ms.
Unloading 1092 Unused Serialized files (Serialized files now loaded: 0)
System memory in use before: 62.6 MB.
System memory in use after: 62.7 MB.

Unloading 6 unused Assets to reduce memory usage. Loaded Objects now: 1700.
Total: 1.589500 ms (FindLiveObjects: 0.149500 ms CreateObjectMapping: 0.035100 ms MarkObjects: 1.355700 ms  DeleteObjects: 0.048100 ms)

========================================================================
Received Import Request.
  Time since last request: 60.500727 seconds.
  path: Assets/OptionButton.prefab
  artifactKey: Guid(24300fc5363858242a6c089e7eb9f5f9) Importer(815301076,1909f56bfc062723c751e8b465ee728b)
Start importing Assets/OptionButton.prefab using Guid(24300fc5363858242a6c089e7eb9f5f9) Importer(815301076,1909f56bfc062723c751e8b465ee728b)  -> (artifact id: '3d6a7545ec906f8f27669fc6362bbad7') in 0.075191 seconds
  Import took 0.077161 seconds .

