Using pre-set license
Built from '2020.2/release' branch; Version is '2020.2.1f1 (270dd8c3da1c) revision 2559448'; Using compiler version '192528614'; Build Type 'Release'
OS: 'Windows 10  (10.0.0) 64bit' Language: 'fr' Physical Memory: 16344 MB
BatchMode: 1, IsHumanControllingUs: 0, StartBugReporterOnCrash: 0, Is64bit: 1, IsPro: 0

 COMMAND LINE ARGUMENTS:
C:\Program Files\Unity\Hub\Editor\2020.2.1f1\Editor\Unity.exe
-adb2
-batchMode
-noUpm
-name
AssetImportWorker0
-projectPath
D:/github/3Ddialoguue_rendu/3ddialogue rendu
-logFile
Logs/AssetImportWorker0.log
-srvPort
24634
Successfully changed project path to: D:/github/3Ddialoguue_rendu/3ddialogue rendu
D:/github/3Ddialoguue_rendu/3ddialogue rendu
Using Asset Import Pipeline V2.
Refreshing native plugins compatible for Editor in 21.22 ms, found 0 plugins.
Preloading 0 native plugins for Editor in 0.00 ms.
Initialize engine version: 2020.2.1f1 (270dd8c3da1c)
[Subsystems] Discovering subsystems at path C:/Program Files/Unity/Hub/Editor/2020.2.1f1/Editor/Data/Resources/UnitySubsystems
[Subsystems] Discovering subsystems at path D:/github/3Ddialoguue_rendu/3ddialogue rendu/Assets
GfxDevice: creating device client; threaded=0
Direct3D:
    Version:  Direct3D 11.0 [level 11.1]
    Renderer: NVIDIA GeForce GTX 1070 (ID=0x1b81)
    Vendor:   
    VRAM:     8088 MB
    Driver:   27.21.14.5730
Initialize mono
Mono path[0] = 'C:/Program Files/Unity/Hub/Editor/2020.2.1f1/Editor/Data/Managed'
Mono path[1] = 'C:/Program Files/Unity/Hub/Editor/2020.2.1f1/Editor/Data/MonoBleedingEdge/lib/mono/unityjit'
Mono config path = 'C:/Program Files/Unity/Hub/Editor/2020.2.1f1/Editor/Data/MonoBleedingEdge/etc'
Using monoOptions --debugger-agent=transport=dt_socket,embedding=1,server=y,suspend=n,address=127.0.0.1:56884
Begin MonoManager ReloadAssembly
Registering precompiled unity dll's ...
Register platform support module: C:/Program Files/Unity/Hub/Editor/2020.2.1f1/Editor/Data/PlaybackEngines/WindowsStandaloneSupport/UnityEditor.WindowsStandalone.Extensions.dll
Registered in 0.001836 seconds.
Native extension for WindowsStandalone target not found
Refreshing native plugins compatible for Editor in 22.41 ms, found 0 plugins.
Preloading 0 native plugins for Editor in 0.00 ms.
Invoked RoslynAnalysisRunner static constructor.
RoslynAnalysisRunner will not be running.
RoslynAnalysisRunner has terminated.
Mono: successfully reloaded assembly
- Completed reload, in  1.861 seconds
Platform modules already initialized, skipping
Registering precompiled user dll's ...
Registered in 0.000481 seconds.
Begin MonoManager ReloadAssembly
Native extension for WindowsStandalone target not found
Refreshing native plugins compatible for Editor in 0.19 ms, found 0 plugins.
Preloading 0 native plugins for Editor in 0.00 ms.
Invoked RoslynAnalysisRunner static constructor.
RoslynAnalysisRunner will not be running.
RoslynAnalysisRunner has terminated.
Mono: successfully reloaded assembly
- Completed reload, in  0.754 seconds
Platform modules already initialized, skipping
========================================================================
Worker process is ready to serve import requests
Launched and connected shader compiler UnityShaderCompiler.exe after 0.03 seconds
Refreshing native plugins compatible for Editor in 0.18 ms, found 0 plugins.
Preloading 0 native plugins for Editor in 0.00 ms.
Unloading 1110 Unused Serialized files (Serialized files now loaded: 0)
System memory in use before: 58.0 MB.
System memory in use after: 58.0 MB.

Unloading 10 unused Assets to reduce memory usage. Loaded Objects now: 1550.
Total: 1.565800 ms (FindLiveObjects: 0.116500 ms CreateObjectMapping: 0.040800 ms MarkObjects: 1.341400 ms  DeleteObjects: 0.065900 ms)

========================================================================
Received Import Request.
  path: Assets/OptionButton.prefab
  artifactKey: Guid(24300fc5363858242a6c089e7eb9f5f9) Importer(815301076,1909f56bfc062723c751e8b465ee728b)
Start importing Assets/OptionButton.prefab using Guid(24300fc5363858242a6c089e7eb9f5f9) Importer(815301076,1909f56bfc062723c751e8b465ee728b)  -> (artifact id: 'd7b6078dbb725c34f482e5c19762e700') in 0.111739 seconds
  Import took 0.113710 seconds .

========================================================================
Received Prepare
Registering precompiled user dll's ...
Registered in 0.000510 seconds.
Begin MonoManager ReloadAssembly
Native extension for WindowsStandalone target not found
Refreshing native plugins compatible for Editor in 0.19 ms, found 0 plugins.
Preloading 0 native plugins for Editor in 0.00 ms.
Invoked RoslynAnalysisRunner static constructor.
RoslynAnalysisRunner will not be running.
RoslynAnalysisRunner has terminated.
Mono: successfully reloaded assembly
- Completed reload, in  0.742 seconds
Platform modules already initialized, skipping
Refreshing native plugins compatible for Editor in 0.19 ms, found 0 plugins.
Preloading 0 native plugins for Editor in 0.00 ms.
Unloading 1092 Unused Serialized files (Serialized files now loaded: 0)
System memory in use before: 57.4 MB.
System memory in use after: 57.5 MB.

Unloading 6 unused Assets to reduce memory usage. Loaded Objects now: 1552.
Total: 1.428000 ms (FindLiveObjects: 0.120000 ms CreateObjectMapping: 0.032600 ms MarkObjects: 1.229100 ms  DeleteObjects: 0.045300 ms)

========================================================================
Received Prepare
Registering precompiled user dll's ...
Registered in 0.000541 seconds.
Begin MonoManager ReloadAssembly
Native extension for WindowsStandalone target not found
Refreshing native plugins compatible for Editor in 0.21 ms, found 0 plugins.
Preloading 0 native plugins for Editor in 0.00 ms.
Invoked RoslynAnalysisRunner static constructor.
RoslynAnalysisRunner will not be running.
RoslynAnalysisRunner has terminated.
Mono: successfully reloaded assembly
- Completed reload, in  0.731 seconds
Platform modules already initialized, skipping
Refreshing native plugins compatible for Editor in 0.20 ms, found 0 plugins.
Preloading 0 native plugins for Editor in 0.00 ms.
Unloading 1092 Unused Serialized files (Serialized files now loaded: 0)
System memory in use before: 57.6 MB.
System memory in use after: 57.7 MB.

Unloading 5 unused Assets to reduce memory usage. Loaded Objects now: 1554.
Total: 1.737200 ms (FindLiveObjects: 0.115300 ms CreateObjectMapping: 0.030000 ms MarkObjects: 1.545900 ms  DeleteObjects: 0.044700 ms)

========================================================================
Received Import Request.
  Time since last request: 112.501623 seconds.
  path: Assets/OptionButton.prefab
  artifactKey: Guid(24300fc5363858242a6c089e7eb9f5f9) Importer(815301076,1909f56bfc062723c751e8b465ee728b)
Start importing Assets/OptionButton.prefab using Guid(24300fc5363858242a6c089e7eb9f5f9) Importer(815301076,1909f56bfc062723c751e8b465ee728b)  -> (artifact id: '069830aedead045bdac8d4e5ae5e1297') in 0.080120 seconds
  Import took 0.082074 seconds .

========================================================================
Received Prepare
Registering precompiled user dll's ...
Registered in 0.000530 seconds.
Begin MonoManager ReloadAssembly
Native extension for WindowsStandalone target not found
Refreshing native plugins compatible for Editor in 0.20 ms, found 0 plugins.
Preloading 0 native plugins for Editor in 0.00 ms.
Invoked RoslynAnalysisRunner static constructor.
RoslynAnalysisRunner will not be running.
RoslynAnalysisRunner has terminated.
Mono: successfully reloaded assembly
- Completed reload, in  0.739 seconds
Platform modules already initialized, skipping
Refreshing native plugins compatible for Editor in 0.20 ms, found 0 plugins.
Preloading 0 native plugins for Editor in 0.00 ms.
Unloading 1092 Unused Serialized files (Serialized files now loaded: 0)
System memory in use before: 57.8 MB.
System memory in use after: 57.9 MB.

Unloading 6 unused Assets to reduce memory usage. Loaded Objects now: 1556.
Total: 1.628100 ms (FindLiveObjects: 0.197700 ms CreateObjectMapping: 0.036200 ms MarkObjects: 1.341200 ms  DeleteObjects: 0.051900 ms)

========================================================================
Received Prepare
Registering precompiled user dll's ...
Registered in 0.000503 seconds.
Begin MonoManager ReloadAssembly
Native extension for WindowsStandalone target not found
Refreshing native plugins compatible for Editor in 0.30 ms, found 0 plugins.
Preloading 0 native plugins for Editor in 0.00 ms.
Invoked RoslynAnalysisRunner static constructor.
RoslynAnalysisRunner will not be running.
RoslynAnalysisRunner has terminated.
Mono: successfully reloaded assembly
- Completed reload, in  0.730 seconds
Platform modules already initialized, skipping
Refreshing native plugins compatible for Editor in 0.19 ms, found 0 plugins.
Preloading 0 native plugins for Editor in 0.00 ms.
Unloading 1092 Unused Serialized files (Serialized files now loaded: 0)
System memory in use before: 58.0 MB.
System memory in use after: 58.0 MB.

Unloading 5 unused Assets to reduce memory usage. Loaded Objects now: 1558.
Total: 6.042000 ms (FindLiveObjects: 0.367900 ms CreateObjectMapping: 0.122000 ms MarkObjects: 5.394900 ms  DeleteObjects: 0.152500 ms)

========================================================================
Received Prepare
Registering precompiled user dll's ...
Registered in 0.000552 seconds.
Begin MonoManager ReloadAssembly
Native extension for WindowsStandalone target not found
Refreshing native plugins compatible for Editor in 0.19 ms, found 0 plugins.
Preloading 0 native plugins for Editor in 0.00 ms.
Invoked RoslynAnalysisRunner static constructor.
RoslynAnalysisRunner will not be running.
RoslynAnalysisRunner has terminated.
Mono: successfully reloaded assembly
- Completed reload, in  0.704 seconds
Platform modules already initialized, skipping
Refreshing native plugins compatible for Editor in 0.19 ms, found 0 plugins.
Preloading 0 native plugins for Editor in 0.00 ms.
Unloading 1092 Unused Serialized files (Serialized files now loaded: 0)
System memory in use before: 58.1 MB.
System memory in use after: 58.2 MB.

Unloading 5 unused Assets to reduce memory usage. Loaded Objects now: 1560.
Total: 1.407100 ms (FindLiveObjects: 0.122000 ms CreateObjectMapping: 0.035000 ms MarkObjects: 1.206800 ms  DeleteObjects: 0.042200 ms)

========================================================================
Received Prepare
Registering precompiled user dll's ...
Registered in 0.000516 seconds.
Begin MonoManager ReloadAssembly
Native extension for WindowsStandalone target not found
Refreshing native plugins compatible for Editor in 0.19 ms, found 0 plugins.
Preloading 0 native plugins for Editor in 0.00 ms.
Invoked RoslynAnalysisRunner static constructor.
RoslynAnalysisRunner will not be running.
RoslynAnalysisRunner has terminated.
Mono: successfully reloaded assembly
- Completed reload, in  0.712 seconds
Platform modules already initialized, skipping
Refreshing native plugins compatible for Editor in 0.18 ms, found 0 plugins.
Preloading 0 native plugins for Editor in 0.00 ms.
Unloading 1092 Unused Serialized files (Serialized files now loaded: 0)
System memory in use before: 58.3 MB.
System memory in use after: 58.4 MB.

Unloading 5 unused Assets to reduce memory usage. Loaded Objects now: 1562.
Total: 1.458400 ms (FindLiveObjects: 0.131000 ms CreateObjectMapping: 0.033400 ms MarkObjects: 1.249100 ms  DeleteObjects: 0.043700 ms)

========================================================================
Received Import Request.
  Time since last request: 422.249187 seconds.
  path: Assets/FirstDialogue.asset
  artifactKey: Guid(11cac37f25577c44cb5ac61f568a2684) Importer(815301076,1909f56bfc062723c751e8b465ee728b)
Start importing Assets/FirstDialogue.asset using Guid(11cac37f25577c44cb5ac61f568a2684) Importer(815301076,1909f56bfc062723c751e8b465ee728b)  -> (artifact id: '2bb4125b678b0dc35c2fbf61bf9e638a') in 0.015821 seconds
  Import took 0.017552 seconds .

========================================================================
Received Import Request.
  Time since last request: 0.000269 seconds.
  path: Assets/GameStart.asset
  artifactKey: Guid(901975a21ddba4c4885b897905932368) Importer(815301076,1909f56bfc062723c751e8b465ee728b)
Start importing Assets/GameStart.asset using Guid(901975a21ddba4c4885b897905932368) Importer(815301076,1909f56bfc062723c751e8b465ee728b)  -> (artifact id: '2b60278a4a0f42035bbbb6b34a34f053') in 0.002377 seconds
  Import took 0.003929 seconds .

AssetImportWorkerClient::OnTransportError - code=2 error=End of file
